{
  "files": {
    "src/scriptrag/__init__.py": {
      "classes": {
        "": {
          "excluded_lines": [],
          "executed_branches": [],
          "executed_lines": [
            1,
            3,
            5,
            6
          ],
          "missing_branches": [],
          "missing_lines": [],
          "summary": {
            "covered_branches": 0,
            "covered_lines": 3,
            "excluded_lines": 0,
            "missing_branches": 0,
            "missing_lines": 0,
            "num_branches": 0,
            "num_partial_branches": 0,
            "num_statements": 3,
            "percent_covered": 100.0,
            "percent_covered_display": "100.00"
          }
        }
      },
      "excluded_lines": [],
      "executed_branches": [],
      "executed_lines": [
        1,
        3,
        5,
        6
      ],
      "functions": {
        "": {
          "excluded_lines": [],
          "executed_branches": [],
          "executed_lines": [
            1,
            3,
            5,
            6
          ],
          "missing_branches": [],
          "missing_lines": [],
          "summary": {
            "covered_branches": 0,
            "covered_lines": 3,
            "excluded_lines": 0,
            "missing_branches": 0,
            "missing_lines": 0,
            "num_branches": 0,
            "num_partial_branches": 0,
            "num_statements": 3,
            "percent_covered": 100.0,
            "percent_covered_display": "100.00"
          }
        }
      },
      "missing_branches": [],
      "missing_lines": [],
      "summary": {
        "covered_branches": 0,
        "covered_lines": 3,
        "excluded_lines": 0,
        "missing_branches": 0,
        "missing_lines": 0,
        "num_branches": 0,
        "num_partial_branches": 0,
        "num_statements": 3,
        "percent_covered": 100.0,
        "percent_covered_display": "100.00"
      }
    },
    "src/scriptrag/agents/__init__.py": {
      "classes": {
        "": {
          "excluded_lines": [],
          "executed_branches": [],
          "executed_lines": [],
          "missing_branches": [],
          "missing_lines": [
            7,
            9
          ],
          "summary": {
            "covered_branches": 0,
            "covered_lines": 0,
            "excluded_lines": 0,
            "missing_branches": 0,
            "missing_lines": 2,
            "num_branches": 0,
            "num_partial_branches": 0,
            "num_statements": 2,
            "percent_covered": 0.0,
            "percent_covered_display": "0.00"
          }
        }
      },
      "excluded_lines": [],
      "executed_branches": [],
      "executed_lines": [],
      "functions": {
        "": {
          "excluded_lines": [],
          "executed_branches": [],
          "executed_lines": [],
          "missing_branches": [],
          "missing_lines": [
            7,
            9
          ],
          "summary": {
            "covered_branches": 0,
            "covered_lines": 0,
            "excluded_lines": 0,
            "missing_branches": 0,
            "missing_lines": 2,
            "num_branches": 0,
            "num_partial_branches": 0,
            "num_statements": 2,
            "percent_covered": 0.0,
            "percent_covered_display": "0.00"
          }
        }
      },
      "missing_branches": [],
      "missing_lines": [
        7,
        9
      ],
      "summary": {
        "covered_branches": 0,
        "covered_lines": 0,
        "excluded_lines": 0,
        "missing_branches": 0,
        "missing_lines": 2,
        "num_branches": 0,
        "num_partial_branches": 0,
        "num_statements": 2,
        "percent_covered": 0.0,
        "percent_covered_display": "0.00"
      }
    },
    "src/scriptrag/agents/agent_loader.py": {
      "classes": {
        "": {
          "excluded_lines": [],
          "executed_branches": [],
          "executed_lines": [],
          "missing_branches": [],
          "missing_lines": [
            3,
            5,
            7,
            8,
            9,
            11,
            14,
            17,
            40,
            79,
            104,
            105
          ],
          "summary": {
            "covered_branches": 0,
            "covered_lines": 0,
            "excluded_lines": 0,
            "missing_branches": 0,
            "missing_lines": 12,
            "num_branches": 0,
            "num_partial_branches": 0,
            "num_statements": 12,
            "percent_covered": 0.0,
            "percent_covered_display": "0.00"
          }
        },
        "AgentLoader": {
          "excluded_lines": [],
          "executed_branches": [],
          "executed_lines": [],
          "missing_branches": [
            [
              28,
              30
            ],
            [
              28,
              35
            ],
            [
              53,
              54
            ],
            [
              53,
              61
            ],
            [
              56,
              57
            ],
            [
              56,
              77
            ],
            [
              62,
              63
            ],
            [
              62,
              66
            ],
            [
              69,
              71
            ],
            [
              69,
              74
            ],
            [
              85,
              86
            ],
            [
              85,
              88
            ],
            [
              89,
              90
            ],
            [
              89,
              102
            ],
            [
              94,
              95
            ],
            [
              94,
              97
            ]
          ],
          "missing_lines": [
            28,
            30,
            32,
            33,
            35,
            36,
            37,
            38,
            53,
            54,
            56,
            57,
            58,
            61,
            62,
            63,
            66,
            69,
            71,
            72,
            74,
            75,
            77,
            85,
            86,
            88,
            89,
            90,
            92,
            94,
            95,
            97,
            98,
            99,
            102,
            115,
            117
          ],
          "summary": {
            "covered_branches": 0,
            "covered_lines": 0,
            "excluded_lines": 0,
            "missing_branches": 16,
            "missing_lines": 37,
            "num_branches": 16,
            "num_partial_branches": 0,
            "num_statements": 37,
            "percent_covered": 0.0,
            "percent_covered_display": "0.00"
          }
        }
      },
      "excluded_lines": [],
      "executed_branches": [],
      "executed_lines": [],
      "functions": {
        "": {
          "excluded_lines": [],
          "executed_branches": [],
          "executed_lines": [],
          "missing_branches": [],
          "missing_lines": [
            3,
            5,
            7,
            8,
            9,
            11,
            14,
            17,
            40,
            79,
            104,
            105
          ],
          "summary": {
            "covered_branches": 0,
            "covered_lines": 0,
            "excluded_lines": 0,
            "missing_branches": 0,
            "missing_lines": 12,
            "num_branches": 0,
            "num_partial_branches": 0,
            "num_statements": 12,
            "percent_covered": 0.0,
            "percent_covered_display": "0.00"
          }
        },
        "AgentLoader.__init__": {
          "excluded_lines": [],
          "executed_branches": [],
          "executed_lines": [],
          "missing_branches": [
            [
              28,
              30
            ],
            [
              28,
              35
            ]
          ],
          "missing_lines": [
            28,
            30,
            32,
            33,
            35,
            36,
            37,
            38
          ],
          "summary": {
            "covered_branches": 0,
            "covered_lines": 0,
            "excluded_lines": 0,
            "missing_branches": 2,
            "missing_lines": 8,
            "num_branches": 2,
            "num_partial_branches": 0,
            "num_statements": 8,
            "percent_covered": 0.0,
            "percent_covered_display": "0.00"
          }
        },
        "AgentLoader._is_valid_agent_name": {
          "excluded_lines": [],
          "executed_branches": [],
          "executed_lines": [],
          "missing_branches": [],
          "missing_lines": [
            115,
            117
          ],
          "summary": {
            "covered_branches": 0,
            "covered_lines": 0,
            "excluded_lines": 0,
            "missing_branches": 0,
            "missing_lines": 2,
            "num_branches": 0,
            "num_partial_branches": 0,
            "num_statements": 2,
            "percent_covered": 0.0,
            "percent_covered_display": "0.00"
          }
        },
        "AgentLoader.list_agents": {
          "excluded_lines": [],
          "executed_branches": [],
          "executed_lines": [],
          "missing_branches": [
            [
              85,
              86
            ],
            [
              85,
              88
            ],
            [
              89,
              90
            ],
            [
              89,
              102
            ],
            [
              94,
              95
            ],
            [
              94,
              97
            ]
          ],
          "missing_lines": [
            85,
            86,
            88,
            89,
            90,
            92,
            94,
            95,
            97,
            98,
            99,
            102
          ],
          "summary": {
            "covered_branches": 0,
            "covered_lines": 0,
            "excluded_lines": 0,
            "missing_branches": 6,
            "missing_lines": 12,
            "num_branches": 6,
            "num_partial_branches": 0,
            "num_statements": 12,
            "percent_covered": 0.0,
            "percent_covered_display": "0.00"
          }
        },
        "AgentLoader.load_agent": {
          "excluded_lines": [],
          "executed_branches": [],
          "executed_lines": [],
          "missing_branches": [
            [
              53,
              54
            ],
            [
              53,
              61
            ],
            [
              56,
              57
            ],
            [
              56,
              77
            ],
            [
              62,
              63
            ],
            [
              62,
              66
            ],
            [
              69,
              71
            ],
            [
              69,
              74
            ]
          ],
          "missing_lines": [
            53,
            54,
            56,
            57,
            58,
            61,
            62,
            63,
            66,
            69,
            71,
            72,
            74,
            75,
            77
          ],
          "summary": {
            "covered_branches": 0,
            "covered_lines": 0,
            "excluded_lines": 0,
            "missing_branches": 8,
            "missing_lines": 15,
            "num_branches": 8,
            "num_partial_branches": 0,
            "num_statements": 15,
            "percent_covered": 0.0,
            "percent_covered_display": "0.00"
          }
        }
      },
      "missing_branches": [
        [
          28,
          30
        ],
        [
          28,
          35
        ],
        [
          53,
          54
        ],
        [
          53,
          61
        ],
        [
          56,
          57
        ],
        [
          56,
          77
        ],
        [
          62,
          63
        ],
        [
          62,
          66
        ],
        [
          69,
          71
        ],
        [
          69,
          74
        ],
        [
          85,
          86
        ],
        [
          85,
          88
        ],
        [
          89,
          90
        ],
        [
          89,
          102
        ],
        [
          94,
          95
        ],
        [
          94,
          97
        ]
      ],
      "missing_lines": [
        3,
        5,
        7,
        8,
        9,
        11,
        14,
        17,
        28,
        30,
        32,
        33,
        35,
        36,
        37,
        38,
        40,
        53,
        54,
        56,
        57,
        58,
        61,
        62,
        63,
        66,
        69,
        71,
        72,
        74,
        75,
        77,
        79,
        85,
        86,
        88,
        89,
        90,
        92,
        94,
        95,
        97,
        98,
        99,
        102,
        104,
        105,
        115,
        117
      ],
      "summary": {
        "covered_branches": 0,
        "covered_lines": 0,
        "excluded_lines": 0,
        "missing_branches": 16,
        "missing_lines": 49,
        "num_branches": 16,
        "num_partial_branches": 0,
        "num_statements": 49,
        "percent_covered": 0.0,
        "percent_covered_display": "0.00"
      }
    },
    "src/scriptrag/agents/agent_spec.py": {
      "classes": {
        "": {
          "excluded_lines": [],
          "executed_branches": [],
          "executed_lines": [],
          "missing_branches": [],
          "missing_lines": [
            3,
            5,
            6,
            7,
            9,
            10,
            13,
            16,
            45,
            46,
            115,
            116
          ],
          "summary": {
            "covered_branches": 0,
            "covered_lines": 0,
            "excluded_lines": 0,
            "missing_branches": 0,
            "missing_lines": 12,
            "num_branches": 0,
            "num_partial_branches": 0,
            "num_statements": 12,
            "percent_covered": 0.0,
            "percent_covered_display": "0.00"
          }
        },
        "AgentSpec": {
          "excluded_lines": [],
          "executed_branches": [],
          "executed_lines": [],
          "missing_branches": [
            [
              58,
              59
            ],
            [
              58,
              62
            ],
            [
              67,
              68
            ],
            [
              67,
              71
            ],
            [
              75,
              76
            ],
            [
              75,
              80
            ],
            [
              76,
              75
            ],
            [
              76,
              77
            ],
            [
              84,
              85
            ],
            [
              84,
              90
            ],
            [
              85,
              84
            ],
            [
              85,
              86
            ],
            [
              91,
              92
            ],
            [
              91,
              99
            ],
            [
              92,
              91
            ],
            [
              92,
              93
            ],
            [
              99,
              100
            ],
            [
              99,
              103
            ],
            [
              130,
              131
            ],
            [
              130,
              136
            ],
            [
              131,
              130
            ],
            [
              131,
              133
            ]
          ],
          "missing_lines": [
            37,
            38,
            39,
            40,
            41,
            42,
            43,
            58,
            59,
            62,
            63,
            66,
            67,
            68,
            71,
            74,
            75,
            76,
            77,
            80,
            83,
            84,
            85,
            86,
            87,
            90,
            91,
            92,
            93,
            94,
            95,
            96,
            97,
            99,
            100,
            103,
            105,
            126,
            127,
            129,
            130,
            131,
            133,
            134,
            136
          ],
          "summary": {
            "covered_branches": 0,
            "covered_lines": 0,
            "excluded_lines": 0,
            "missing_branches": 22,
            "missing_lines": 45,
            "num_branches": 22,
            "num_partial_branches": 0,
            "num_statements": 45,
            "percent_covered": 0.0,
            "percent_covered_display": "0.00"
          }
        }
      },
      "excluded_lines": [],
      "executed_branches": [],
      "executed_lines": [],
      "functions": {
        "": {
          "excluded_lines": [],
          "executed_branches": [],
          "executed_lines": [],
          "missing_branches": [],
          "missing_lines": [
            3,
            5,
            6,
            7,
            9,
            10,
            13,
            16,
            45,
            46,
            115,
            116
          ],
          "summary": {
            "covered_branches": 0,
            "covered_lines": 0,
            "excluded_lines": 0,
            "missing_branches": 0,
            "missing_lines": 12,
            "num_branches": 0,
            "num_partial_branches": 0,
            "num_statements": 12,
            "percent_covered": 0.0,
            "percent_covered_display": "0.00"
          }
        },
        "AgentSpec.__init__": {
          "excluded_lines": [],
          "executed_branches": [],
          "executed_lines": [],
          "missing_branches": [],
          "missing_lines": [
            37,
            38,
            39,
            40,
            41,
            42,
            43
          ],
          "summary": {
            "covered_branches": 0,
            "covered_lines": 0,
            "excluded_lines": 0,
            "missing_branches": 0,
            "missing_lines": 7,
            "num_branches": 0,
            "num_partial_branches": 0,
            "num_statements": 7,
            "percent_covered": 0.0,
            "percent_covered_display": "0.00"
          }
        },
        "AgentSpec._extract_code_blocks": {
          "excluded_lines": [],
          "executed_branches": [],
          "executed_lines": [],
          "missing_branches": [
            [
              130,
              131
            ],
            [
              130,
              136
            ],
            [
              131,
              130
            ],
            [
              131,
              133
            ]
          ],
          "missing_lines": [
            126,
            127,
            129,
            130,
            131,
            133,
            134,
            136
          ],
          "summary": {
            "covered_branches": 0,
            "covered_lines": 0,
            "excluded_lines": 0,
            "missing_branches": 4,
            "missing_lines": 8,
            "num_branches": 4,
            "num_partial_branches": 0,
            "num_statements": 8,
            "percent_covered": 0.0,
            "percent_covered_display": "0.00"
          }
        },
        "AgentSpec.from_markdown": {
          "excluded_lines": [],
          "executed_branches": [],
          "executed_lines": [],
          "missing_branches": [
            [
              58,
              59
            ],
            [
              58,
              62
            ],
            [
              67,
              68
            ],
            [
              67,
              71
            ],
            [
              75,
              76
            ],
            [
              75,
              80
            ],
            [
              76,
              75
            ],
            [
              76,
              77
            ],
            [
              84,
              85
            ],
            [
              84,
              90
            ],
            [
              85,
              84
            ],
            [
              85,
              86
            ],
            [
              91,
              92
            ],
            [
              91,
              99
            ],
            [
              92,
              91
            ],
            [
              92,
              93
            ],
            [
              99,
              100
            ],
            [
              99,
              103
            ]
          ],
          "missing_lines": [
            58,
            59,
            62,
            63,
            66,
            67,
            68,
            71,
            74,
            75,
            76,
            77,
            80,
            83,
            84,
            85,
            86,
            87,
            90,
            91,
            92,
            93,
            94,
            95,
            96,
            97,
            99,
            100,
            103,
            105
          ],
          "summary": {
            "covered_branches": 0,
            "covered_lines": 0,
            "excluded_lines": 0,
            "missing_branches": 18,
            "missing_lines": 30,
            "num_branches": 18,
            "num_partial_branches": 0,
            "num_statements": 30,
            "percent_covered": 0.0,
            "percent_covered_display": "0.00"
          }
        }
      },
      "missing_branches": [
        [
          58,
          59
        ],
        [
          58,
          62
        ],
        [
          67,
          68
        ],
        [
          67,
          71
        ],
        [
          75,
          76
        ],
        [
          75,
          80
        ],
        [
          76,
          75
        ],
        [
          76,
          77
        ],
        [
          84,
          85
        ],
        [
          84,
          90
        ],
        [
          85,
          84
        ],
        [
          85,
          86
        ],
        [
          91,
          92
        ],
        [
          91,
          99
        ],
        [
          92,
          91
        ],
        [
          92,
          93
        ],
        [
          99,
          100
        ],
        [
          99,
          103
        ],
        [
          130,
          131
        ],
        [
          130,
          136
        ],
        [
          131,
          130
        ],
        [
          131,
          133
        ]
      ],
      "missing_lines": [
        3,
        5,
        6,
        7,
        9,
        10,
        13,
        16,
        37,
        38,
        39,
        40,
        41,
        42,
        43,
        45,
        46,
        58,
        59,
        62,
        63,
        66,
        67,
        68,
        71,
        74,
        75,
        76,
        77,
        80,
        83,
        84,
        85,
        86,
        87,
        90,
        91,
        92,
        93,
        94,
        95,
        96,
        97,
        99,
        100,
        103,
        105,
        115,
        116,
        126,
        127,
        129,
        130,
        131,
        133,
        134,
        136
      ],
      "summary": {
        "covered_branches": 0,
        "covered_lines": 0,
        "excluded_lines": 0,
        "missing_branches": 22,
        "missing_lines": 57,
        "num_branches": 22,
        "num_partial_branches": 0,
        "num_statements": 57,
        "percent_covered": 0.0,
        "percent_covered_display": "0.00"
      }
    },
    "src/scriptrag/agents/loader.py": {
      "classes": {
        "": {
          "excluded_lines": [],
          "executed_branches": [],
          "executed_lines": [],
          "missing_branches": [],
          "missing_lines": [
            3,
            4,
            5,
            7
          ],
          "summary": {
            "covered_branches": 0,
            "covered_lines": 0,
            "excluded_lines": 0,
            "missing_branches": 0,
            "missing_lines": 4,
            "num_branches": 0,
            "num_partial_branches": 0,
            "num_statements": 4,
            "percent_covered": 0.0,
            "percent_covered_display": "0.00"
          }
        }
      },
      "excluded_lines": [],
      "executed_branches": [],
      "executed_lines": [],
      "functions": {
        "": {
          "excluded_lines": [],
          "executed_branches": [],
          "executed_lines": [],
          "missing_branches": [],
          "missing_lines": [
            3,
            4,
            5,
            7
          ],
          "summary": {
            "covered_branches": 0,
            "covered_lines": 0,
            "excluded_lines": 0,
            "missing_branches": 0,
            "missing_lines": 4,
            "num_branches": 0,
            "num_partial_branches": 0,
            "num_statements": 4,
            "percent_covered": 0.0,
            "percent_covered_display": "0.00"
          }
        }
      },
      "missing_branches": [],
      "missing_lines": [
        3,
        4,
        5,
        7
      ],
      "summary": {
        "covered_branches": 0,
        "covered_lines": 0,
        "excluded_lines": 0,
        "missing_branches": 0,
        "missing_lines": 4,
        "num_branches": 0,
        "num_partial_branches": 0,
        "num_statements": 4,
        "percent_covered": 0.0,
        "percent_covered_display": "0.00"
      }
    },
    "src/scriptrag/agents/markdown_agent_analyzer.py": {
      "classes": {
        "": {
          "excluded_lines": [
            18,
            19
          ],
          "executed_branches": [],
          "executed_lines": [],
          "missing_branches": [],
          "missing_lines": [
            3,
            5,
            6,
            7,
            9,
            10,
            12,
            13,
            14,
            15,
            16,
            21,
            24,
            27,
            38,
            39,
            43,
            44,
            48,
            49,
            53,
            59,
            63,
            144,
            164,
            315,
            326
          ],
          "summary": {
            "covered_branches": 0,
            "covered_lines": 0,
            "excluded_lines": 2,
            "missing_branches": 0,
            "missing_lines": 27,
            "num_branches": 0,
            "num_partial_branches": 0,
            "num_statements": 27,
            "percent_covered": 0.0,
            "percent_covered_display": "0.00"
          }
        },
        "MarkdownAgentAnalyzer": {
          "excluded_lines": [],
          "executed_branches": [],
          "executed_lines": [],
          "missing_branches": [
            [
              55,
              -53
            ],
            [
              55,
              56
            ],
            [
              72,
              73
            ],
            [
              72,
              76
            ],
            [
              79,
              80
            ],
            [
              79,
              121
            ],
            [
              83,
              86
            ],
            [
              83,
              138
            ],
            [
              105,
              106
            ],
            [
              105,
              114
            ],
            [
              189,
              190
            ],
            [
              189,
              195
            ],
            [
              195,
              197
            ],
            [
              195,
              207
            ],
            [
              209,
              211
            ],
            [
              209,
              233
            ],
            [
              217,
              218
            ],
            [
              217,
              233
            ],
            [
              234,
              235
            ],
            [
              234,
              238
            ],
            [
              286,
              287
            ],
            [
              286,
              293
            ],
            [
              339,
              341
            ],
            [
              339,
              352
            ],
            [
              341,
              342
            ],
            [
              341,
              347
            ],
            [
              343,
              344
            ],
            [
              343,
              352
            ],
            [
              348,
              349
            ],
            [
              348,
              352
            ],
            [
              352,
              353
            ],
            [
              352,
              358
            ],
            [
              354,
              355
            ],
            [
              354,
              358
            ],
            [
              361,
              362
            ],
            [
              361,
              363
            ]
          ],
          "missing_lines": [
            34,
            35,
            36,
            41,
            46,
            51,
            55,
            56,
            57,
            61,
            72,
            73,
            76,
            79,
            80,
            81,
            83,
            86,
            88,
            91,
            92,
            94,
            95,
            96,
            105,
            106,
            114,
            121,
            123,
            124,
            125,
            126,
            131,
            138,
            139,
            140,
            142,
            158,
            162,
            178,
            181,
            185,
            188,
            189,
            190,
            195,
            197,
            199,
            202,
            207,
            208,
            209,
            211,
            217,
            218,
            226,
            233,
            234,
            235,
            238,
            239,
            247,
            253,
            255,
            264,
            267,
            275,
            283,
            286,
            287,
            293,
            298,
            300,
            301,
            307,
            309,
            313,
            324,
            335,
            336,
            339,
            341,
            342,
            343,
            344,
            347,
            348,
            349,
            352,
            353,
            354,
            355,
            358,
            359,
            361,
            362,
            363,
            364,
            365,
            366,
            371
          ],
          "summary": {
            "covered_branches": 0,
            "covered_lines": 0,
            "excluded_lines": 0,
            "missing_branches": 36,
            "missing_lines": 101,
            "num_branches": 36,
            "num_partial_branches": 0,
            "num_statements": 101,
            "percent_covered": 0.0,
            "percent_covered_display": "0.00"
          }
        }
      },
      "excluded_lines": [
        18,
        19
      ],
      "executed_branches": [],
      "executed_lines": [],
      "functions": {
        "": {
          "excluded_lines": [
            18,
            19
          ],
          "executed_branches": [],
          "executed_lines": [],
          "missing_branches": [],
          "missing_lines": [
            3,
            5,
            6,
            7,
            9,
            10,
            12,
            13,
            14,
            15,
            16,
            21,
            24,
            27,
            38,
            39,
            43,
            44,
            48,
            49,
            53,
            59,
            63,
            144,
            164,
            315,
            326
          ],
          "summary": {
            "covered_branches": 0,
            "covered_lines": 0,
            "excluded_lines": 2,
            "missing_branches": 0,
            "missing_lines": 27,
            "num_branches": 0,
            "num_partial_branches": 0,
            "num_statements": 27,
            "percent_covered": 0.0,
            "percent_covered_display": "0.00"
          }
        },
        "MarkdownAgentAnalyzer.__init__": {
          "excluded_lines": [],
          "executed_branches": [],
          "executed_lines": [],
          "missing_branches": [],
          "missing_lines": [
            34,
            35,
            36
          ],
          "summary": {
            "covered_branches": 0,
            "covered_lines": 0,
            "excluded_lines": 0,
            "missing_branches": 0,
            "missing_lines": 3,
            "num_branches": 0,
            "num_partial_branches": 0,
            "num_statements": 3,
            "percent_covered": 0.0,
            "percent_covered_display": "0.00"
          }
        },
        "MarkdownAgentAnalyzer._call_llm": {
          "excluded_lines": [],
          "executed_branches": [],
          "executed_lines": [],
          "missing_branches": [
            [
              189,
              190
            ],
            [
              189,
              195
            ],
            [
              195,
              197
            ],
            [
              195,
              207
            ],
            [
              209,
              211
            ],
            [
              209,
              233
            ],
            [
              217,
              218
            ],
            [
              217,
              233
            ],
            [
              234,
              235
            ],
            [
              234,
              238
            ],
            [
              286,
              287
            ],
            [
              286,
              293
            ]
          ],
          "missing_lines": [
            178,
            181,
            185,
            188,
            189,
            190,
            195,
            197,
            199,
            202,
            207,
            208,
            209,
            211,
            217,
            218,
            226,
            233,
            234,
            235,
            238,
            239,
            247,
            253,
            255,
            264,
            267,
            275,
            283,
            286,
            287,
            293,
            298,
            300,
            301,
            307,
            309,
            313
          ],
          "summary": {
            "covered_branches": 0,
            "covered_lines": 0,
            "excluded_lines": 0,
            "missing_branches": 12,
            "missing_lines": 38,
            "num_branches": 12,
            "num_partial_branches": 0,
            "num_statements": 38,
            "percent_covered": 0.0,
            "percent_covered_display": "0.00"
          }
        },
        "MarkdownAgentAnalyzer._execute_context_query": {
          "excluded_lines": [],
          "executed_branches": [],
          "executed_lines": [],
          "missing_branches": [],
          "missing_lines": [
            158,
            162
          ],
          "summary": {
            "covered_branches": 0,
            "covered_lines": 0,
            "excluded_lines": 0,
            "missing_branches": 0,
            "missing_lines": 2,
            "num_branches": 0,
            "num_partial_branches": 0,
            "num_statements": 2,
            "percent_covered": 0.0,
            "percent_covered_display": "0.00"
          }
        },
        "MarkdownAgentAnalyzer._format_scene_content": {
          "excluded_lines": [],
          "executed_branches": [],
          "executed_lines": [],
          "missing_branches": [],
          "missing_lines": [
            324
          ],
          "summary": {
            "covered_branches": 0,
            "covered_lines": 0,
            "excluded_lines": 0,
            "missing_branches": 0,
            "missing_lines": 1,
            "num_branches": 0,
            "num_partial_branches": 0,
            "num_statements": 1,
            "percent_covered": 0.0,
            "percent_covered_display": "0.00"
          }
        },
        "MarkdownAgentAnalyzer._parse_llm_response": {
          "excluded_lines": [],
          "executed_branches": [],
          "executed_lines": [],
          "missing_branches": [
            [
              339,
              341
            ],
            [
              339,
              352
            ],
            [
              341,
              342
            ],
            [
              341,
              347
            ],
            [
              343,
              344
            ],
            [
              343,
              352
            ],
            [
              348,
              349
            ],
            [
              348,
              352
            ],
            [
              352,
              353
            ],
            [
              352,
              358
            ],
            [
              354,
              355
            ],
            [
              354,
              358
            ],
            [
              361,
              362
            ],
            [
              361,
              363
            ]
          ],
          "missing_lines": [
            335,
            336,
            339,
            341,
            342,
            343,
            344,
            347,
            348,
            349,
            352,
            353,
            354,
            355,
            358,
            359,
            361,
            362,
            363,
            364,
            365,
            366,
            371
          ],
          "summary": {
            "covered_branches": 0,
            "covered_lines": 0,
            "excluded_lines": 0,
            "missing_branches": 14,
            "missing_lines": 23,
            "num_branches": 14,
            "num_partial_branches": 0,
            "num_statements": 23,
            "percent_covered": 0.0,
            "percent_covered_display": "0.00"
          }
        },
        "MarkdownAgentAnalyzer.analyze": {
          "excluded_lines": [],
          "executed_branches": [],
          "executed_lines": [],
          "missing_branches": [
            [
              72,
              73
            ],
            [
              72,
              76
            ],
            [
              79,
              80
            ],
            [
              79,
              121
            ],
            [
              83,
              86
            ],
            [
              83,
              138
            ],
            [
              105,
              106
            ],
            [
              105,
              114
            ]
          ],
          "missing_lines": [
            72,
            73,
            76,
            79,
            80,
            81,
            83,
            86,
            88,
            91,
            92,
            94,
            95,
            96,
            105,
            106,
            114,
            121,
            123,
            124,
            125,
            126,
            131,
            138,
            139,
            140,
            142
          ],
          "summary": {
            "covered_branches": 0,
            "covered_lines": 0,
            "excluded_lines": 0,
            "missing_branches": 8,
            "missing_lines": 27,
            "num_branches": 8,
            "num_partial_branches": 0,
            "num_statements": 27,
            "percent_covered": 0.0,
            "percent_covered_display": "0.00"
          }
        },
        "MarkdownAgentAnalyzer.cleanup": {
          "excluded_lines": [],
          "executed_branches": [],
          "executed_lines": [],
          "missing_branches": [],
          "missing_lines": [
            61
          ],
          "summary": {
            "covered_branches": 0,
            "covered_lines": 0,
            "excluded_lines": 0,
            "missing_branches": 0,
            "missing_lines": 1,
            "num_branches": 0,
            "num_partial_branches": 0,
            "num_statements": 1,
            "percent_covered": 0.0,
            "percent_covered_display": "0.00"
          }
        },
        "MarkdownAgentAnalyzer.initialize": {
          "excluded_lines": [],
          "executed_branches": [],
          "executed_lines": [],
          "missing_branches": [
            [
              55,
              -53
            ],
            [
              55,
              56
            ]
          ],
          "missing_lines": [
            55,
            56,
            57
          ],
          "summary": {
            "covered_branches": 0,
            "covered_lines": 0,
            "excluded_lines": 0,
            "missing_branches": 2,
            "missing_lines": 3,
            "num_branches": 2,
            "num_partial_branches": 0,
            "num_statements": 3,
            "percent_covered": 0.0,
            "percent_covered_display": "0.00"
          }
        },
        "MarkdownAgentAnalyzer.name": {
          "excluded_lines": [],
          "executed_branches": [],
          "executed_lines": [],
          "missing_branches": [],
          "missing_lines": [
            41
          ],
          "summary": {
            "covered_branches": 0,
            "covered_lines": 0,
            "excluded_lines": 0,
            "missing_branches": 0,
            "missing_lines": 1,
            "num_branches": 0,
            "num_partial_branches": 0,
            "num_statements": 1,
            "percent_covered": 0.0,
            "percent_covered_display": "0.00"
          }
        },
        "MarkdownAgentAnalyzer.requires_llm": {
          "excluded_lines": [],
          "executed_branches": [],
          "executed_lines": [],
          "missing_branches": [],
          "missing_lines": [
            51
          ],
          "summary": {
            "covered_branches": 0,
            "covered_lines": 0,
            "excluded_lines": 0,
            "missing_branches": 0,
            "missing_lines": 1,
            "num_branches": 0,
            "num_partial_branches": 0,
            "num_statements": 1,
            "percent_covered": 0.0,
            "percent_covered_display": "0.00"
          }
        },
        "MarkdownAgentAnalyzer.version": {
          "excluded_lines": [],
          "executed_branches": [],
          "executed_lines": [],
          "missing_branches": [],
          "missing_lines": [
            46
          ],
          "summary": {
            "covered_branches": 0,
            "covered_lines": 0,
            "excluded_lines": 0,
            "missing_branches": 0,
            "missing_lines": 1,
            "num_branches": 0,
            "num_partial_branches": 0,
            "num_statements": 1,
            "percent_covered": 0.0,
            "percent_covered_display": "0.00"
          }
        }
      },
      "missing_branches": [
        [
          55,
          -53
        ],
        [
          55,
          56
        ],
        [
          72,
          73
        ],
        [
          72,
          76
        ],
        [
          79,
          80
        ],
        [
          79,
          121
        ],
        [
          83,
          86
        ],
        [
          83,
          138
        ],
        [
          105,
          106
        ],
        [
          105,
          114
        ],
        [
          189,
          190
        ],
        [
          189,
          195
        ],
        [
          195,
          197
        ],
        [
          195,
          207
        ],
        [
          209,
          211
        ],
        [
          209,
          233
        ],
        [
          217,
          218
        ],
        [
          217,
          233
        ],
        [
          234,
          235
        ],
        [
          234,
          238
        ],
        [
          286,
          287
        ],
        [
          286,
          293
        ],
        [
          339,
          341
        ],
        [
          339,
          352
        ],
        [
          341,
          342
        ],
        [
          341,
          347
        ],
        [
          343,
          344
        ],
        [
          343,
          352
        ],
        [
          348,
          349
        ],
        [
          348,
          352
        ],
        [
          352,
          353
        ],
        [
          352,
          358
        ],
        [
          354,
          355
        ],
        [
          354,
          358
        ],
        [
          361,
          362
        ],
        [
          361,
          363
        ]
      ],
      "missing_lines": [
        3,
        5,
        6,
        7,
        9,
        10,
        12,
        13,
        14,
        15,
        16,
        21,
        24,
        27,
        34,
        35,
        36,
        38,
        39,
        41,
        43,
        44,
        46,
        48,
        49,
        51,
        53,
        55,
        56,
        57,
        59,
        61,
        63,
        72,
        73,
        76,
        79,
        80,
        81,
        83,
        86,
        88,
        91,
        92,
        94,
        95,
        96,
        105,
        106,
        114,
        121,
        123,
        124,
        125,
        126,
        131,
        138,
        139,
        140,
        142,
        144,
        158,
        162,
        164,
        178,
        181,
        185,
        188,
        189,
        190,
        195,
        197,
        199,
        202,
        207,
        208,
        209,
        211,
        217,
        218,
        226,
        233,
        234,
        235,
        238,
        239,
        247,
        253,
        255,
        264,
        267,
        275,
        283,
        286,
        287,
        293,
        298,
        300,
        301,
        307,
        309,
        313,
        315,
        324,
        326,
        335,
        336,
        339,
        341,
        342,
        343,
        344,
        347,
        348,
        349,
        352,
        353,
        354,
        355,
        358,
        359,
        361,
        362,
        363,
        364,
        365,
        366,
        371
      ],
      "summary": {
        "covered_branches": 0,
        "covered_lines": 0,
        "excluded_lines": 2,
        "missing_branches": 36,
        "missing_lines": 128,
        "num_branches": 36,
        "num_partial_branches": 0,
        "num_statements": 128,
        "percent_covered": 0.0,
        "percent_covered_display": "0.00"
      }
    },
    "src/scriptrag/analyzers/__init__.py": {
      "classes": {
        "": {
          "excluded_lines": [],
          "executed_branches": [],
          "executed_lines": [],
          "missing_branches": [],
          "missing_lines": [
            3,
            4,
            6
          ],
          "summary": {
            "covered_branches": 0,
            "covered_lines": 0,
            "excluded_lines": 0,
            "missing_branches": 0,
            "missing_lines": 3,
            "num_branches": 0,
            "num_partial_branches": 0,
            "num_statements": 3,
            "percent_covered": 0.0,
            "percent_covered_display": "0.00"
          }
        }
      },
      "excluded_lines": [],
      "executed_branches": [],
      "executed_lines": [],
      "functions": {
        "": {
          "excluded_lines": [],
          "executed_branches": [],
          "executed_lines": [],
          "missing_branches": [],
          "missing_lines": [
            3,
            4,
            6
          ],
          "summary": {
            "covered_branches": 0,
            "covered_lines": 0,
            "excluded_lines": 0,
            "missing_branches": 0,
            "missing_lines": 3,
            "num_branches": 0,
            "num_partial_branches": 0,
            "num_statements": 3,
            "percent_covered": 0.0,
            "percent_covered_display": "0.00"
          }
        }
      },
      "missing_branches": [],
      "missing_lines": [
        3,
        4,
        6
      ],
      "summary": {
        "covered_branches": 0,
        "covered_lines": 0,
        "excluded_lines": 0,
        "missing_branches": 0,
        "missing_lines": 3,
        "num_branches": 0,
        "num_partial_branches": 0,
        "num_statements": 3,
        "percent_covered": 0.0,
        "percent_covered_display": "0.00"
      }
    },
    "src/scriptrag/analyzers/base.py": {
      "classes": {
        "": {
          "excluded_lines": [],
          "executed_branches": [],
          "executed_lines": [],
          "missing_branches": [],
          "missing_lines": [
            3,
            6,
            13,
            21,
            22,
            38,
            39,
            40,
            47,
            48,
            55,
            56,
            63,
            71
          ],
          "summary": {
            "covered_branches": 0,
            "covered_lines": 0,
            "excluded_lines": 0,
            "missing_branches": 0,
            "missing_lines": 14,
            "num_branches": 0,
            "num_partial_branches": 0,
            "num_statements": 14,
            "percent_covered": 0.0,
            "percent_covered_display": "0.00"
          }
        },
        "BaseSceneAnalyzer": {
          "excluded_lines": [
            36,
            45,
            69,
            77
          ],
          "executed_branches": [],
          "executed_lines": [],
          "missing_branches": [],
          "missing_lines": [
            19,
            53,
            61
          ],
          "summary": {
            "covered_branches": 0,
            "covered_lines": 0,
            "excluded_lines": 4,
            "missing_branches": 0,
            "missing_lines": 3,
            "num_branches": 0,
            "num_partial_branches": 0,
            "num_statements": 3,
            "percent_covered": 0.0,
            "percent_covered_display": "0.00"
          }
        }
      },
      "excluded_lines": [
        36,
        45,
        69,
        77
      ],
      "executed_branches": [],
      "executed_lines": [],
      "functions": {
        "": {
          "excluded_lines": [],
          "executed_branches": [],
          "executed_lines": [],
          "missing_branches": [],
          "missing_lines": [
            3,
            6,
            13,
            21,
            22,
            38,
            39,
            40,
            47,
            48,
            55,
            56,
            63,
            71
          ],
          "summary": {
            "covered_branches": 0,
            "covered_lines": 0,
            "excluded_lines": 0,
            "missing_branches": 0,
            "missing_lines": 14,
            "num_branches": 0,
            "num_partial_branches": 0,
            "num_statements": 14,
            "percent_covered": 0.0,
            "percent_covered_display": "0.00"
          }
        },
        "BaseSceneAnalyzer.__init__": {
          "excluded_lines": [],
          "executed_branches": [],
          "executed_lines": [],
          "missing_branches": [],
          "missing_lines": [
            19
          ],
          "summary": {
            "covered_branches": 0,
            "covered_lines": 0,
            "excluded_lines": 0,
            "missing_branches": 0,
            "missing_lines": 1,
            "num_branches": 0,
            "num_partial_branches": 0,
            "num_statements": 1,
            "percent_covered": 0.0,
            "percent_covered_display": "0.00"
          }
        },
        "BaseSceneAnalyzer.analyze": {
          "excluded_lines": [
            36
          ],
          "executed_branches": [],
          "executed_lines": [],
          "missing_branches": [],
          "missing_lines": [],
          "summary": {
            "covered_branches": 0,
            "covered_lines": 0,
            "excluded_lines": 1,
            "missing_branches": 0,
            "missing_lines": 0,
            "num_branches": 0,
            "num_partial_branches": 0,
            "num_statements": 0,
            "percent_covered": 100.0,
            "percent_covered_display": "100.00"
          }
        },
        "BaseSceneAnalyzer.cleanup": {
          "excluded_lines": [
            77
          ],
          "executed_branches": [],
          "executed_lines": [],
          "missing_branches": [],
          "missing_lines": [],
          "summary": {
            "covered_branches": 0,
            "covered_lines": 0,
            "excluded_lines": 1,
            "missing_branches": 0,
            "missing_lines": 0,
            "num_branches": 0,
            "num_partial_branches": 0,
            "num_statements": 0,
            "percent_covered": 100.0,
            "percent_covered_display": "100.00"
          }
        },
        "BaseSceneAnalyzer.initialize": {
          "excluded_lines": [
            69
          ],
          "executed_branches": [],
          "executed_lines": [],
          "missing_branches": [],
          "missing_lines": [],
          "summary": {
            "covered_branches": 0,
            "covered_lines": 0,
            "excluded_lines": 1,
            "missing_branches": 0,
            "missing_lines": 0,
            "num_branches": 0,
            "num_partial_branches": 0,
            "num_statements": 0,
            "percent_covered": 100.0,
            "percent_covered_display": "100.00"
          }
        },
        "BaseSceneAnalyzer.name": {
          "excluded_lines": [
            45
          ],
          "executed_branches": [],
          "executed_lines": [],
          "missing_branches": [],
          "missing_lines": [],
          "summary": {
            "covered_branches": 0,
            "covered_lines": 0,
            "excluded_lines": 1,
            "missing_branches": 0,
            "missing_lines": 0,
            "num_branches": 0,
            "num_partial_branches": 0,
            "num_statements": 0,
            "percent_covered": 100.0,
            "percent_covered_display": "100.00"
          }
        },
        "BaseSceneAnalyzer.requires_llm": {
          "excluded_lines": [],
          "executed_branches": [],
          "executed_lines": [],
          "missing_branches": [],
          "missing_lines": [
            61
          ],
          "summary": {
            "covered_branches": 0,
            "covered_lines": 0,
            "excluded_lines": 0,
            "missing_branches": 0,
            "missing_lines": 1,
            "num_branches": 0,
            "num_partial_branches": 0,
            "num_statements": 1,
            "percent_covered": 0.0,
            "percent_covered_display": "0.00"
          }
        },
        "BaseSceneAnalyzer.version": {
          "excluded_lines": [],
          "executed_branches": [],
          "executed_lines": [],
          "missing_branches": [],
          "missing_lines": [
            53
          ],
          "summary": {
            "covered_branches": 0,
            "covered_lines": 0,
            "excluded_lines": 0,
            "missing_branches": 0,
            "missing_lines": 1,
            "num_branches": 0,
            "num_partial_branches": 0,
            "num_statements": 1,
            "percent_covered": 0.0,
            "percent_covered_display": "0.00"
          }
        }
      },
      "missing_branches": [],
      "missing_lines": [
        3,
        6,
        13,
        19,
        21,
        22,
        38,
        39,
        40,
        47,
        48,
        53,
        55,
        56,
        61,
        63,
        71
      ],
      "summary": {
        "covered_branches": 0,
        "covered_lines": 0,
        "excluded_lines": 4,
        "missing_branches": 0,
        "missing_lines": 17,
        "num_branches": 0,
        "num_partial_branches": 0,
        "num_statements": 17,
        "percent_covered": 0.0,
        "percent_covered_display": "0.00"
      }
    },
    "src/scriptrag/analyzers/builtin.py": {
      "classes": {
        "": {
          "excluded_lines": [],
          "executed_branches": [],
          "executed_lines": [],
          "missing_branches": [],
          "missing_lines": [
            3,
            4,
            7
          ],
          "summary": {
            "covered_branches": 0,
            "covered_lines": 0,
            "excluded_lines": 0,
            "missing_branches": 0,
            "missing_lines": 3,
            "num_branches": 0,
            "num_partial_branches": 0,
            "num_statements": 3,
            "percent_covered": 0.0,
            "percent_covered_display": "0.00"
          }
        }
      },
      "excluded_lines": [],
      "executed_branches": [],
      "executed_lines": [],
      "functions": {
        "": {
          "excluded_lines": [],
          "executed_branches": [],
          "executed_lines": [],
          "missing_branches": [],
          "missing_lines": [
            3,
            4,
            7
          ],
          "summary": {
            "covered_branches": 0,
            "covered_lines": 0,
            "excluded_lines": 0,
            "missing_branches": 0,
            "missing_lines": 3,
            "num_branches": 0,
            "num_partial_branches": 0,
            "num_statements": 3,
            "percent_covered": 0.0,
            "percent_covered_display": "0.00"
          }
        }
      },
      "missing_branches": [],
      "missing_lines": [
        3,
        4,
        7
      ],
      "summary": {
        "covered_branches": 0,
        "covered_lines": 0,
        "excluded_lines": 0,
        "missing_branches": 0,
        "missing_lines": 3,
        "num_branches": 0,
        "num_partial_branches": 0,
        "num_statements": 3,
        "percent_covered": 0.0,
        "percent_covered_display": "0.00"
      }
    },
    "src/scriptrag/analyzers/embedding.py": {
      "classes": {
        "": {
          "excluded_lines": [
            16,
            17
          ],
          "executed_branches": [],
          "executed_lines": [],
          "missing_branches": [],
          "missing_lines": [
            3,
            5,
            6,
            8,
            9,
            11,
            12,
            13,
            14,
            19,
            22,
            25,
            46,
            47,
            51,
            52,
            56,
            57,
            61,
            62,
            72,
            101,
            106,
            124,
            135,
            187,
            230,
            241
          ],
          "summary": {
            "covered_branches": 0,
            "covered_lines": 0,
            "excluded_lines": 2,
            "missing_branches": 0,
            "missing_lines": 28,
            "num_branches": 0,
            "num_partial_branches": 0,
            "num_statements": 28,
            "percent_covered": 0.0,
            "percent_covered_display": "0.00"
          }
        },
        "SceneEmbeddingAnalyzer": {
          "excluded_lines": [],
          "executed_branches": [],
          "executed_lines": [],
          "missing_branches": [
            [
              64,
              65
            ],
            [
              64,
              70
            ],
            [
              74,
              75
            ],
            [
              74,
              79
            ],
            [
              86,
              87
            ],
            [
              86,
              97
            ],
            [
              89,
              -72
            ],
            [
              89,
              90
            ],
            [
              116,
              118
            ],
            [
              116,
              121
            ],
            [
              148,
              149
            ],
            [
              148,
              153
            ],
            [
              154,
              155
            ],
            [
              154,
              165
            ],
            [
              196,
              197
            ],
            [
              196,
              200
            ],
            [
              215,
              216
            ],
            [
              215,
              222
            ],
            [
              217,
              218
            ],
            [
              217,
              220
            ]
          ],
          "missing_lines": [
            35,
            36,
            37,
            38,
            39,
            42,
            43,
            44,
            49,
            54,
            59,
            64,
            65,
            66,
            67,
            68,
            69,
            70,
            74,
            75,
            76,
            79,
            80,
            83,
            84,
            86,
            87,
            88,
            89,
            90,
            94,
            95,
            97,
            98,
            99,
            103,
            104,
            116,
            118,
            121,
            122,
            133,
            148,
            149,
            150,
            153,
            154,
            155,
            156,
            157,
            158,
            159,
            160,
            161,
            165,
            166,
            169,
            170,
            171,
            174,
            175,
            176,
            177,
            178,
            180,
            181,
            184,
            185,
            196,
            197,
            200,
            203,
            205,
            211,
            212,
            215,
            216,
            217,
            218,
            220,
            222,
            224,
            225,
            227,
            228,
            239,
            250,
            252,
            255,
            258,
            259,
            261,
            270,
            278,
            280,
            281,
            282
          ],
          "summary": {
            "covered_branches": 0,
            "covered_lines": 0,
            "excluded_lines": 0,
            "missing_branches": 20,
            "missing_lines": 97,
            "num_branches": 20,
            "num_partial_branches": 0,
            "num_statements": 97,
            "percent_covered": 0.0,
            "percent_covered_display": "0.00"
          }
        }
      },
      "excluded_lines": [
        16,
        17
      ],
      "executed_branches": [],
      "executed_lines": [],
      "functions": {
        "": {
          "excluded_lines": [
            16,
            17
          ],
          "executed_branches": [],
          "executed_lines": [],
          "missing_branches": [],
          "missing_lines": [
            3,
            5,
            6,
            8,
            9,
            11,
            12,
            13,
            14,
            19,
            22,
            25,
            46,
            47,
            51,
            52,
            56,
            57,
            61,
            62,
            72,
            101,
            106,
            124,
            135,
            187,
            230,
            241
          ],
          "summary": {
            "covered_branches": 0,
            "covered_lines": 0,
            "excluded_lines": 2,
            "missing_branches": 0,
            "missing_lines": 28,
            "num_branches": 0,
            "num_partial_branches": 0,
            "num_statements": 28,
            "percent_covered": 0.0,
            "percent_covered_display": "0.00"
          }
        },
        "SceneEmbeddingAnalyzer.__init__": {
          "excluded_lines": [],
          "executed_branches": [],
          "executed_lines": [],
          "missing_branches": [],
          "missing_lines": [
            35,
            36,
            37,
            38,
            39,
            42,
            43,
            44
          ],
          "summary": {
            "covered_branches": 0,
            "covered_lines": 0,
            "excluded_lines": 0,
            "missing_branches": 0,
            "missing_lines": 8,
            "num_branches": 0,
            "num_partial_branches": 0,
            "num_statements": 8,
            "percent_covered": 0.0,
            "percent_covered_display": "0.00"
          }
        },
        "SceneEmbeddingAnalyzer._compute_scene_hash": {
          "excluded_lines": [],
          "executed_branches": [],
          "executed_lines": [],
          "missing_branches": [
            [
              116,
              118
            ],
            [
              116,
              121
            ]
          ],
          "missing_lines": [
            116,
            118,
            121,
            122
          ],
          "summary": {
            "covered_branches": 0,
            "covered_lines": 0,
            "excluded_lines": 0,
            "missing_branches": 2,
            "missing_lines": 4,
            "num_branches": 2,
            "num_partial_branches": 0,
            "num_statements": 4,
            "percent_covered": 0.0,
            "percent_covered_display": "0.00"
          }
        },
        "SceneEmbeddingAnalyzer._format_scene_for_embedding": {
          "excluded_lines": [],
          "executed_branches": [],
          "executed_lines": [],
          "missing_branches": [],
          "missing_lines": [
            239
          ],
          "summary": {
            "covered_branches": 0,
            "covered_lines": 0,
            "excluded_lines": 0,
            "missing_branches": 0,
            "missing_lines": 1,
            "num_branches": 0,
            "num_partial_branches": 0,
            "num_statements": 1,
            "percent_covered": 0.0,
            "percent_covered_display": "0.00"
          }
        },
        "SceneEmbeddingAnalyzer._generate_embedding": {
          "excluded_lines": [],
          "executed_branches": [],
          "executed_lines": [],
          "missing_branches": [
            [
              196,
              197
            ],
            [
              196,
              200
            ],
            [
              215,
              216
            ],
            [
              215,
              222
            ],
            [
              217,
              218
            ],
            [
              217,
              220
            ]
          ],
          "missing_lines": [
            196,
            197,
            200,
            203,
            205,
            211,
            212,
            215,
            216,
            217,
            218,
            220,
            222,
            224,
            225,
            227,
            228
          ],
          "summary": {
            "covered_branches": 0,
            "covered_lines": 0,
            "excluded_lines": 0,
            "missing_branches": 6,
            "missing_lines": 17,
            "num_branches": 6,
            "num_partial_branches": 0,
            "num_statements": 17,
            "percent_covered": 0.0,
            "percent_covered_display": "0.00"
          }
        },
        "SceneEmbeddingAnalyzer._get_embedding_path": {
          "excluded_lines": [],
          "executed_branches": [],
          "executed_lines": [],
          "missing_branches": [],
          "missing_lines": [
            133
          ],
          "summary": {
            "covered_branches": 0,
            "covered_lines": 0,
            "excluded_lines": 0,
            "missing_branches": 0,
            "missing_lines": 1,
            "num_branches": 0,
            "num_partial_branches": 0,
            "num_statements": 1,
            "percent_covered": 0.0,
            "percent_covered_display": "0.00"
          }
        },
        "SceneEmbeddingAnalyzer._load_or_generate_embedding": {
          "excluded_lines": [],
          "executed_branches": [],
          "executed_lines": [],
          "missing_branches": [
            [
              148,
              149
            ],
            [
              148,
              153
            ],
            [
              154,
              155
            ],
            [
              154,
              165
            ]
          ],
          "missing_lines": [
            148,
            149,
            150,
            153,
            154,
            155,
            156,
            157,
            158,
            159,
            160,
            161,
            165,
            166,
            169,
            170,
            171,
            174,
            175,
            176,
            177,
            178,
            180,
            181,
            184,
            185
          ],
          "summary": {
            "covered_branches": 0,
            "covered_lines": 0,
            "excluded_lines": 0,
            "missing_branches": 4,
            "missing_lines": 26,
            "num_branches": 4,
            "num_partial_branches": 0,
            "num_statements": 26,
            "percent_covered": 0.0,
            "percent_covered_display": "0.00"
          }
        },
        "SceneEmbeddingAnalyzer.analyze": {
          "excluded_lines": [],
          "executed_branches": [],
          "executed_lines": [],
          "missing_branches": [],
          "missing_lines": [
            250,
            252,
            255,
            258,
            259,
            261,
            270,
            278,
            280,
            281,
            282
          ],
          "summary": {
            "covered_branches": 0,
            "covered_lines": 0,
            "excluded_lines": 0,
            "missing_branches": 0,
            "missing_lines": 11,
            "num_branches": 0,
            "num_partial_branches": 0,
            "num_statements": 11,
            "percent_covered": 0.0,
            "percent_covered_display": "0.00"
          }
        },
        "SceneEmbeddingAnalyzer.cleanup": {
          "excluded_lines": [],
          "executed_branches": [],
          "executed_lines": [],
          "missing_branches": [],
          "missing_lines": [
            103,
            104
          ],
          "summary": {
            "covered_branches": 0,
            "covered_lines": 0,
            "excluded_lines": 0,
            "missing_branches": 0,
            "missing_lines": 2,
            "num_branches": 0,
            "num_partial_branches": 0,
            "num_statements": 2,
            "percent_covered": 0.0,
            "percent_covered_display": "0.00"
          }
        },
        "SceneEmbeddingAnalyzer.initialize": {
          "excluded_lines": [],
          "executed_branches": [],
          "executed_lines": [],
          "missing_branches": [
            [
              74,
              75
            ],
            [
              74,
              79
            ],
            [
              86,
              87
            ],
            [
              86,
              97
            ],
            [
              89,
              -72
            ],
            [
              89,
              90
            ]
          ],
          "missing_lines": [
            74,
            75,
            76,
            79,
            80,
            83,
            84,
            86,
            87,
            88,
            89,
            90,
            94,
            95,
            97,
            98,
            99
          ],
          "summary": {
            "covered_branches": 0,
            "covered_lines": 0,
            "excluded_lines": 0,
            "missing_branches": 6,
            "missing_lines": 17,
            "num_branches": 6,
            "num_partial_branches": 0,
            "num_statements": 17,
            "percent_covered": 0.0,
            "percent_covered_display": "0.00"
          }
        },
        "SceneEmbeddingAnalyzer.name": {
          "excluded_lines": [],
          "executed_branches": [],
          "executed_lines": [],
          "missing_branches": [],
          "missing_lines": [
            49
          ],
          "summary": {
            "covered_branches": 0,
            "covered_lines": 0,
            "excluded_lines": 0,
            "missing_branches": 0,
            "missing_lines": 1,
            "num_branches": 0,
            "num_partial_branches": 0,
            "num_statements": 1,
            "percent_covered": 0.0,
            "percent_covered_display": "0.00"
          }
        },
        "SceneEmbeddingAnalyzer.repo": {
          "excluded_lines": [],
          "executed_branches": [],
          "executed_lines": [],
          "missing_branches": [
            [
              64,
              65
            ],
            [
              64,
              70
            ]
          ],
          "missing_lines": [
            64,
            65,
            66,
            67,
            68,
            69,
            70
          ],
          "summary": {
            "covered_branches": 0,
            "covered_lines": 0,
            "excluded_lines": 0,
            "missing_branches": 2,
            "missing_lines": 7,
            "num_branches": 2,
            "num_partial_branches": 0,
            "num_statements": 7,
            "percent_covered": 0.0,
            "percent_covered_display": "0.00"
          }
        },
        "SceneEmbeddingAnalyzer.requires_llm": {
          "excluded_lines": [],
          "executed_branches": [],
          "executed_lines": [],
          "missing_branches": [],
          "missing_lines": [
            59
          ],
          "summary": {
            "covered_branches": 0,
            "covered_lines": 0,
            "excluded_lines": 0,
            "missing_branches": 0,
            "missing_lines": 1,
            "num_branches": 0,
            "num_partial_branches": 0,
            "num_statements": 1,
            "percent_covered": 0.0,
            "percent_covered_display": "0.00"
          }
        },
        "SceneEmbeddingAnalyzer.version": {
          "excluded_lines": [],
          "executed_branches": [],
          "executed_lines": [],
          "missing_branches": [],
          "missing_lines": [
            54
          ],
          "summary": {
            "covered_branches": 0,
            "covered_lines": 0,
            "excluded_lines": 0,
            "missing_branches": 0,
            "missing_lines": 1,
            "num_branches": 0,
            "num_partial_branches": 0,
            "num_statements": 1,
            "percent_covered": 0.0,
            "percent_covered_display": "0.00"
          }
        }
      },
      "missing_branches": [
        [
          64,
          65
        ],
        [
          64,
          70
        ],
        [
          74,
          75
        ],
        [
          74,
          79
        ],
        [
          86,
          87
        ],
        [
          86,
          97
        ],
        [
          89,
          -72
        ],
        [
          89,
          90
        ],
        [
          116,
          118
        ],
        [
          116,
          121
        ],
        [
          148,
          149
        ],
        [
          148,
          153
        ],
        [
          154,
          155
        ],
        [
          154,
          165
        ],
        [
          196,
          197
        ],
        [
          196,
          200
        ],
        [
          215,
          216
        ],
        [
          215,
          222
        ],
        [
          217,
          218
        ],
        [
          217,
          220
        ]
      ],
      "missing_lines": [
        3,
        5,
        6,
        8,
        9,
        11,
        12,
        13,
        14,
        19,
        22,
        25,
        35,
        36,
        37,
        38,
        39,
        42,
        43,
        44,
        46,
        47,
        49,
        51,
        52,
        54,
        56,
        57,
        59,
        61,
        62,
        64,
        65,
        66,
        67,
        68,
        69,
        70,
        72,
        74,
        75,
        76,
        79,
        80,
        83,
        84,
        86,
        87,
        88,
        89,
        90,
        94,
        95,
        97,
        98,
        99,
        101,
        103,
        104,
        106,
        116,
        118,
        121,
        122,
        124,
        133,
        135,
        148,
        149,
        150,
        153,
        154,
        155,
        156,
        157,
        158,
        159,
        160,
        161,
        165,
        166,
        169,
        170,
        171,
        174,
        175,
        176,
        177,
        178,
        180,
        181,
        184,
        185,
        187,
        196,
        197,
        200,
        203,
        205,
        211,
        212,
        215,
        216,
        217,
        218,
        220,
        222,
        224,
        225,
        227,
        228,
        230,
        239,
        241,
        250,
        252,
        255,
        258,
        259,
        261,
        270,
        278,
        280,
        281,
        282
      ],
      "summary": {
        "covered_branches": 0,
        "covered_lines": 0,
        "excluded_lines": 2,
        "missing_branches": 20,
        "missing_lines": 125,
        "num_branches": 20,
        "num_partial_branches": 0,
        "num_statements": 125,
        "percent_covered": 0.0,
        "percent_covered_display": "0.00"
      }
    },
    "src/scriptrag/api/__init__.py": {
      "classes": {
        "": {
          "excluded_lines": [],
          "executed_branches": [],
          "executed_lines": [
            1,
            3,
            4,
            5,
            6,
            7,
            9
          ],
          "missing_branches": [],
          "missing_lines": [],
          "summary": {
            "covered_branches": 0,
            "covered_lines": 6,
            "excluded_lines": 0,
            "missing_branches": 0,
            "missing_lines": 0,
            "num_branches": 0,
            "num_partial_branches": 0,
[...]
              124
            ],
            [
              124,
              125
            ],
            [
              124,
              127
            ],
            [
              179,
              180
            ],
            [
              179,
              182
            ],
            [
              182,
              183
            ],
            [
              182,
              188
            ],
            [
              184,
              185
            ],
            [
              184,
              188
            ],
            [
              185,
              184
            ],
            [
              185,
              186
            ],
            [
              188,
              189
            ],
            [
              188,
              197
            ],
            [
              190,
              191
            ],
            [
              190,
              197
            ],
            [
              193,
              190
            ],
            [
              193,
              194
            ],
            [
              197,
              198
            ],
            [
              197,
              200
            ],
            [
              217,
              218
            ],
            [
              217,
              221
            ],
            [
              224,
              225
            ],
            [
              224,
              228
            ],
            [
              228,
              229
            ],
            [
              228,
              234
            ],
            [
              230,
              231
            ],
            [
              230,
              234
            ],
            [
              234,
              235
            ],
            [
              234,
              242
            ],
            [
              235,
              236
            ],
            [
              235,
              242
            ],
            [
              238,
              235
            ],
            [
              238,
              239
            ],
            [
              242,
              243
            ],
            [
              242,
              245
            ]
          ],
          "missing_lines": [
            27,
            28,
            31,
            32,
            34,
            35,
            36,
            44,
            47,
            48,
            49,
            51,
            54,
            55,
            58,
            59,
            71,
            72,
            74,
            75,
            93,
            94,
            95,
            96,
            97,
            98,
            99,
            101,
            113,
            114,
            116,
            117,
            120,
            121,
            122,
            123,
            124,
            125,
            127,
            128,
            130,
            147,
            150,
            151,
            163,
            177,
            179,
            180,
            182,
            183,
            184,
            185,
            186,
            188,
            189,
            190,
            191,
            192,
            193,
            194,
            197,
            198,
            200,
            217,
            218,
            221,
            224,
            225,
            228,
            229,
            230,
            231,
            234,
            235,
            236,
            237,
            238,
            239,
            242,
            243,
            245
          ],
          "summary": {
            "covered_branches": 0,
            "covered_lines": 0,
            "excluded_lines": 0,
            "missing_branches": 60,
            "missing_lines": 81,
            "num_branches": 60,
            "num_partial_branches": 0,
            "num_statements": 81,
            "percent_covered": 0.0,
            "percent_covered_display": "0.00"
          }
        }
      },
      "excluded_lines": [],
      "executed_branches": [],
      "executed_lines": [
        1,
        3,
        4,
        5,
        8,
        9,
        12,
        17,
        18,
        61,
        62,
        103,
        104,
        132,
        133,
        153,
        154,
        165,
        166,
        202,
        203
      ],
      "functions": {
        "": {
          "excluded_lines": [],
          "executed_branches": [],
          "executed_lines": [
            1,
            3,
            4,
            5,
            8,
            9,
            12,
            17,
            18,
            61,
            62,
            103,
            104,
            132,
            133,
            153,
            154,
            165,
            166,
            202,
            203
          ],
          "missing_branches": [],
          "missing_lines": [],
          "summary": {
            "covered_branches": 0,
            "covered_lines": 19,
            "excluded_lines": 0,
            "missing_branches": 0,
            "missing_lines": 0,
            "num_branches": 0,
            "num_partial_branches": 0,
            "num_statements": 19,
            "percent_covered": 100.0,
            "percent_covered_display": "100.00"
          }
        },
        "ScreenplayUtils.compute_scene_hash": {
          "excluded_lines": [],
          "executed_branches": [],
          "executed_lines": [],
          "missing_branches": [],
          "missing_lines": [
            147,
            150,
            151
          ],
          "summary": {
            "covered_branches": 0,
            "covered_lines": 0,
            "excluded_lines": 0,
            "missing_branches": 0,
            "missing_lines": 3,
            "num_branches": 0,
            "num_partial_branches": 0,
            "num_statements": 3,
            "percent_covered": 0.0,
            "percent_covered_display": "0.00"
          }
        },
        "ScreenplayUtils.extract_location": {
          "excluded_lines": [],
          "executed_branches": [],
          "executed_lines": [],
          "missing_branches": [
            [
              27,
              28
            ],
            [
              27,
              31
            ],
            [
              34,
              35
            ],
            [
              34,
              36
            ],
            [
              36,
              44
            ],
            [
              36,
              47
            ],
            [
              47,
              48
            ],
            [
              47,
              54
            ],
            [
              54,
              55
            ],
            [
              54,
              58
            ]
          ],
          "missing_lines": [
            27,
            28,
            31,
            32,
            34,
            35,
            36,
            44,
            47,
            48,
            49,
            51,
            54,
            55,
            58,
            59
          ],
          "summary": {
            "covered_branches": 0,
            "covered_lines": 0,
            "excluded_lines": 0,
            "missing_branches": 10,
            "missing_lines": 16,
            "num_branches": 10,
            "num_partial_branches": 0,
            "num_statements": 16,
            "percent_covered": 0.0,
            "percent_covered_display": "0.00"
          }
        },
        "ScreenplayUtils.extract_time": {
          "excluded_lines": [],
          "executed_branches": [],
          "executed_lines": [],
          "missing_branches": [
            [
              71,
              72
            ],
            [
              71,
              74
            ],
            [
              93,
              94
            ],
            [
              93,
              101
            ],
            [
              94,
              95
            ],
            [
              94,
              96
            ],
            [
              96,
              97
            ],
            [
              96,
              98
            ],
            [
              98,
              93
            ],
            [
              98,
              99
            ]
          ],
          "missing_lines": [
            71,
            72,
            74,
            75,
            93,
            94,
            95,
            96,
            97,
            98,
            99,
            101
          ],
          "summary": {
            "covered_branches": 0,
            "covered_lines": 0,
            "excluded_lines": 0,
            "missing_branches": 10,
            "missing_lines": 12,
            "num_branches": 10,
            "num_partial_branches": 0,
            "num_statements": 12,
            "percent_covered": 0.0,
            "percent_covered_display": "0.00"
          }
        },
        "ScreenplayUtils.format_scene_for_embedding": {
          "excluded_lines": [],
          "executed_branches": [],
          "executed_lines": [],
          "missing_branches": [
            [
              217,
              218
            ],
            [
              217,
              221
            ],
            [
              224,
              225
            ],
            [
              224,
              228
            ],
            [
              228,
              229
            ],
            [
              228,
              234
            ],
            [
              230,
              231
            ],
            [
              230,
              234
            ],
            [
              234,
              235
            ],
            [
              234,
              242
            ],
            [
              235,
              236
            ],
            [
              235,
              242
            ],
            [
              238,
              235
            ],
            [
              238,
              239
            ],
            [
              242,
              243
            ],
            [
              242,
              245
            ]
          ],
          "missing_lines": [
            217,
            218,
            221,
            224,
            225,
            228,
            229,
            230,
            231,
            234,
            235,
            236,
            237,
            238,
            239,
            242,
            243,
            245
          ],
          "summary": {
            "covered_branches": 0,
            "covered_lines": 0,
            "excluded_lines": 0,
            "missing_branches": 16,
            "missing_lines": 18,
            "num_branches": 16,
            "num_partial_branches": 0,
            "num_statements": 18,
            "percent_covered": 0.0,
            "percent_covered_display": "0.00"
          }
        },
        "ScreenplayUtils.format_scene_for_prompt": {
          "excluded_lines": [],
          "executed_branches": [],
          "executed_lines": [],
          "missing_branches": [
            [
              179,
              180
            ],
            [
              179,
              182
            ],
            [
              182,
              183
            ],
            [
              182,
              188
            ],
            [
              184,
              185
            ],
            [
              184,
              188
            ],
            [
              185,
              184
            ],
            [
              185,
              186
            ],
            [
              188,
              189
            ],
            [
              188,
              197
            ],
            [
              190,
              191
            ],
            [
              190,
              197
            ],
            [
              193,
              190
            ],
            [
              193,
              194
            ],
            [
              197,
              198
            ],
            [
              197,
              200
            ]
          ],
          "missing_lines": [
            177,
            179,
            180,
            182,
            183,
            184,
            185,
            186,
            188,
            189,
            190,
            191,
            192,
            193,
            194,
            197,
            198,
            200
          ],
          "summary": {
            "covered_branches": 0,
            "covered_lines": 0,
            "excluded_lines": 0,
            "missing_branches": 16,
            "missing_lines": 18,
            "num_branches": 16,
            "num_partial_branches": 0,
            "num_statements": 18,
            "percent_covered": 0.0,
            "percent_covered_display": "0.00"
          }
        },
        "ScreenplayUtils.parse_scene_heading": {
          "excluded_lines": [],
          "executed_branches": [],
          "executed_lines": [],
          "missing_branches": [
            [
              113,
              114
            ],
            [
              113,
              116
            ],
            [
              120,
              121
            ],
            [
              120,
              122
            ],
            [
              122,
              123
            ],
            [
              122,
              124
            ],
            [
              124,
              125
            ],
            [
              124,
              127
            ]
          ],
          "missing_lines": [
            113,
            114,
            116,
            117,
            120,
            121,
            122,
            123,
            124,
            125,
            127,
            128,
            130
          ],
          "summary": {
            "covered_branches": 0,
            "covered_lines": 0,
            "excluded_lines": 0,
            "missing_branches": 8,
            "missing_lines": 13,
            "num_branches": 8,
            "num_partial_branches": 0,
            "num_statements": 13,
            "percent_covered": 0.0,
            "percent_covered_display": "0.00"
          }
        },
        "ScreenplayUtils.strip_boneyard": {
          "excluded_lines": [],
          "executed_branches": [],
          "executed_lines": [],
          "missing_branches": [],
          "missing_lines": [
            163
          ],
          "summary": {
            "covered_branches": 0,
            "covered_lines": 0,
            "excluded_lines": 0,
            "missing_branches": 0,
            "missing_lines": 1,
            "num_branches": 0,
            "num_partial_branches": 0,
            "num_statements": 1,
            "percent_covered": 0.0,
            "percent_covered_display": "0.00"
          }
        }
      },
      "missing_branches": [
        [
          27,
          28
        ],
        [
          27,
          31
        ],
        [
          34,
          35
        ],
        [
          34,
          36
        ],
        [
          36,
          44
        ],
        [
          36,
          47
        ],
        [
          47,
          48
        ],
        [
          47,
          54
        ],
        [
          54,
          55
        ],
        [
          54,
          58
        ],
        [
          71,
          72
        ],
        [
          71,
          74
        ],
        [
          93,
          94
        ],
        [
          93,
          101
        ],
        [
          94,
          95
        ],
        [
          94,
          96
        ],
        [
          96,
          97
        ],
        [
          96,
          98
        ],
        [
          98,
          93
        ],
        [
          98,
          99
        ],
        [
          113,
          114
        ],
        [
          113,
          116
        ],
        [
          120,
          121
        ],
        [
          120,
          122
        ],
        [
          122,
          123
        ],
        [
          122,
          124
        ],
        [
          124,
          125
        ],
        [
          124,
          127
        ],
        [
          179,
          180
        ],
        [
          179,
          182
        ],
        [
          182,
          183
        ],
        [
          182,
          188
        ],
        [
          184,
          185
        ],
        [
          184,
          188
        ],
        [
          185,
          184
        ],
        [
          185,
          186
        ],
        [
          188,
          189
        ],
        [
          188,
          197
        ],
        [
          190,
          191
        ],
        [
          190,
          197
        ],
        [
          193,
          190
        ],
        [
          193,
          194
        ],
        [
          197,
          198
        ],
        [
          197,
          200
        ],
        [
          217,
          218
        ],
        [
          217,
          221
        ],
        [
          224,
          225
        ],
        [
          224,
          228
        ],
        [
          228,
          229
        ],
        [
          228,
          234
        ],
        [
          230,
          231
        ],
        [
          230,
          234
        ],
        [
          234,
          235
        ],
        [
          234,
          242
        ],
        [
          235,
          236
        ],
        [
          235,
          242
        ],
        [
          238,
          235
        ],
        [
          238,
          239
        ],
        [
          242,
          243
        ],
        [
          242,
          245
        ]
      ],
      "missing_lines": [
        27,
        28,
        31,
        32,
        34,
        35,
        36,
        44,
        47,
        48,
        49,
        51,
        54,
        55,
        58,
        59,
        71,
        72,
        74,
        75,
        93,
        94,
        95,
        96,
        97,
        98,
        99,
        101,
        113,
        114,
        116,
        117,
        120,
        121,
        122,
        123,
        124,
        125,
        127,
        128,
        130,
        147,
        150,
        151,
        163,
        177,
        179,
        180,
        182,
        183,
        184,
        185,
        186,
        188,
        189,
        190,
        191,
        192,
        193,
        194,
        197,
        198,
        200,
        217,
        218,
        221,
        224,
        225,
        228,
        229,
        230,
        231,
        234,
        235,
        236,
        237,
        238,
        239,
        242,
        243,
        245
      ],
      "summary": {
        "covered_branches": 0,
        "covered_lines": 19,
        "excluded_lines": 0,
        "missing_branches": 60,
        "missing_lines": 81,
        "num_branches": 60,
        "num_partial_branches": 0,
        "num_statements": 100,
        "percent_covered": 11.875,
        "percent_covered_display": "11.88"
      }
    }
  },
  "meta": {
    "branch_coverage": true,
    "format": 3,
    "show_contexts": false,
    "timestamp": "2025-08-09T12:21:49.521321",
    "version": "7.10.1"
  },
  "totals": {
    "covered_branches": 218,
    "covered_lines": 1100,
    "excluded_lines": 91,
    "missing_branches": 788,
    "missing_lines": 1986,
    "num_branches": 1006,
    "num_partial_branches": 14,
    "num_statements": 3086,
    "percent_covered": 32.209188660801566,
    "percent_covered_display": "32.21"
  }
}
