[1m============================= test session starts ==============================[0m
platform linux -- Python 3.11.13, pytest-8.4.1, pluggy-1.6.0 -- /root/repo/.venv/bin/python
cachedir: .pytest_cache
hypothesis profile 'default'
benchmark: 5.1.0 (defaults: timer=time.perf_counter disable_gc=False min_rounds=5 min_time=0.000005 max_time=1.0 calibration_precision=10 warmup=False warmup_iterations=100000)
rootdir: /root/repo
configfile: pytest.ini
testpaths: tests
plugins: cov-6.2.1, hypothesis-6.136.6, asyncio-1.1.0, timeout-2.4.0, sugar-1.0.0, mock-3.14.1, anyio-4.9.0, xdist-3.8.0, benchmark-5.1.0
asyncio: mode=Mode.STRICT, asyncio_default_fixture_loop_scope=None, asyncio_default_test_loop_scope=function
[1mcollecting ... [0mcollected 1132 items

tests/config/test_logging.py::TestConfigureLogging::test_default_configuration [32mPASSED[0m
tests/config/test_logging.py::TestConfigureLogging::test_log_level_configuration [32mPASSED[0m
tests/config/test_logging.py::TestConfigureLogging::test_case_insensitive_log_level [32mPASSED[0m
tests/config/test_logging.py::TestConfigureLogging::test_invalid_log_level_defaults_to_info [32mPASSED[0m
tests/config/test_logging.py::TestConfigureLogging::test_dev_mode_configuration [32mPASSED[0m
tests/config/test_logging.py::TestConfigureLogging::test_json_logs_configuration [32mPASSED[0m
tests/config/test_logging.py::TestConfigureLogging::test_plain_text_production_mode [32mPASSED[0m
tests/config/test_logging.py::TestConfigureLogging::test_file_logging [32mPASSED[0m
tests/config/test_logging.py::TestConfigureLogging::test_file_logging_directory_creation [32mPASSED[0m
tests/config/test_logging.py::TestConfigureLogging::test_file_logging_json_format [32mPASSED[0m
tests/config/test_logging.py::TestConfigureLogging::test_structlog_configuration_called [32mPASSED[0m
tests/config/test_logging.py::TestConfigureLogging::test_file_logging_permission_error [32mPASSED[0m
tests/config/test_logging.py::TestGetLogger::test_get_logger_returns_structlog_instance [32mPASSED[0m
tests/config/test_logging.py::TestGetLogger::test_logger_name_preservation [32mPASSED[0m
tests/config/test_logging.py::TestThirdPartyLogging::test_configure_sqlalchemy_logging [32mPASSED[0m
tests/config/test_logging.py::TestThirdPartyLogging::test_configure_sqlalchemy_logging_case_insensitive [32mPASSED[0m
tests/config/test_logging.py::TestThirdPartyLogging::test_configure_httpx_logging [32mPASSED[0m
tests/config/test_logging.py::TestThirdPartyLogging::test_configure_httpx_logging_custom_level [32mPASSED[0m
tests/config/test_logging.py::TestThirdPartyLogging::test_configure_sqlalchemy_logging_invalid_level [32mPASSED[0m
tests/config/test_logging.py::TestThirdPartyLogging::test_configure_httpx_logging_invalid_level [32mPASSED[0m
tests/config/test_logging.py::TestLoggingConfigs::test_development_config [32mPASSED[0m
tests/config/test_logging.py::TestLoggingConfigs::test_testing_config [32mPASSED[0m
tests/config/test_logging.py::TestLoggingConfigs::test_production_config [32mPASSED[0m
tests/config/test_logging.py::TestSetupLoggingForEnvironment::test_development_environment_setup [2m2025-07-31T06:47:11.463434Z[0m [[32m[1minfo     [0m] [1mLogging configured            [0m [36menvironment[0m=[35mdevelopment[0m [36mjson_logs[0m=[35mFalse[0m [36mlog_file[0m=[35mNone[0m [36mlog_level[0m=[35mDEBUG[0m
[32mPASSED[0m
tests/config/test_logging.py::TestSetupLoggingForEnvironment::test_testing_environment_setup [32mPASSED[0m
tests/config/test_logging.py::TestSetupLoggingForEnvironment::test_production_environment_setup [32mPASSED[0m
tests/config/test_logging.py::TestSetupLoggingForEnvironment::test_unknown_environment_defaults_to_development [2m2025-07-31T06:47:11.471625Z[0m [[32m[1minfo     [0m] [1mLogging configured            [0m [36menvironment[0m=[35munknown[0m [36mjson_logs[0m=[35mFalse[0m [36mlog_file[0m=[35mNone[0m [36mlog_level[0m=[35mDEBUG[0m
[32mPASSED[0m
tests/config/test_logging.py::TestSetupLoggingForEnvironment::test_environment_setup_with_log_file {"environment": "production", "log_level": "INFO", "json_logs": true, "log_file": "/tmp/pytest-of-root/pytest-2/test_environment_setup_with_lo0/app.log", "event": "Logging configured", "level": "info", "timestamp": "2025-07-31T06:47:11.475189Z"}
[32mPASSED[0m
tests/config/test_logging.py::TestSetupLoggingForEnvironment::test_setup_logs_configuration [32mPASSED[0m
tests/config/test_logging.py::TestTemporaryLogLevel::test_temporary_log_level_change [32mPASSED[0m
tests/config/test_logging.py::TestTemporaryLogLevel::test_temporary_log_level_case_insensitive [32mPASSED[0m
tests/config/test_logging.py::TestTemporaryLogLevel::test_temporary_log_level_with_exception [32mPASSED[0m
tests/config/test_logging.py::TestTemporaryLogLevel::test_nested_temporary_log_levels [32mPASSED[0m
tests/config/test_logging.py::TestTemporaryLogLevel::test_temporary_log_level_none_original_level [32mPASSED[0m
tests/config/test_logging.py::TestLoggingIntegration::test_full_logging_workflow [32mPASSED[0m
tests/config/test_logging.py::TestLoggingIntegration::test_contextual_logging [32mPASSED[0m
tests/config/test_logging.py::TestLoggingIntegration::test_exception_logging [32mPASSED[0m
tests/config/test_logging.py::TestLoggingIntegration::test_multiple_logger_instances [32mPASSED[0m
tests/config/test_logging.py::TestLoggingIntegration::test_file_handler_configuration [32mPASSED[0m
tests/config/test_logging.py::TestLoggingIntegration::test_logging_performance [32mPASSED[0m
tests/config/test_settings.py::TestDatabaseSettings::test_default_values [32mPASSED[0m
tests/config/test_settings.py::TestDatabaseSettings::test_path_parent_directory_creation [32mPASSED[0m
tests/config/test_settings.py::TestDatabaseSettings::test_environment_variable_override [32mPASSED[0m
tests/config/test_settings.py::TestLLMSettings::test_default_values [32mPASSED[0m
tests/config/test_settings.py::TestLLMSettings::test_temperature_validation [32mPASSED[0m
tests/config/test_settings.py::TestLLMSettings::test_top_p_validation [32mPASSED[0m
tests/config/test_settings.py::TestLLMSettings::test_environment_variable_override [32mPASSED[0m
tests/config/test_settings.py::TestLoggingSettings::test_default_values [32mPASSED[0m
tests/config/test_settings.py::TestLoggingSettings::test_log_level_validation [32mPASSED[0m
tests/config/test_settings.py::TestLoggingSettings::test_multiple_log_level_validation [32mPASSED[0m
tests/config/test_settings.py::TestLoggingSettings::test_environment_variable_override [32mPASSED[0m
tests/config/test_settings.py::TestMCPSettings::test_default_values [32mPASSED[0m
tests/config/test_settings.py::TestMCPSettings::test_environment_variable_override [32mPASSED[0m
tests/config/test_settings.py::TestPerformanceSettings::test_default_values [32mPASSED[0m
tests/config/test_settings.py::TestPerformanceSettings::test_environment_variable_override [32mPASSED[0m
tests/config/test_settings.py::TestPathSettings::test_default_values [32mPASSED[0m
tests/config/test_settings.py::TestPathSettings::test_directory_creation [32mPASSED[0m
tests/config/test_settings.py::TestPathSettings::test_environment_variable_override [32mPASSED[0m
tests/config/test_settings.py::TestAPISettings::test_default_values [32mPASSED[0m
tests/config/test_settings.py::TestAPISettings::test_environment_variable_override [32mPASSED[0m
tests/config/test_settings.py::TestScriptRAGSettings::test_default_values [32mPASSED[0m
tests/config/test_settings.py::TestScriptRAGSettings::test_environment_validation [32mPASSED[0m
tests/config/test_settings.py::TestScriptRAGSettings::test_nested_environment_variables [32mPASSED[0m
tests/config/test_settings.py::TestScriptRAGSettings::test_from_yaml [32mPASSED[0m
tests/config/test_settings.py::TestScriptRAGSettings::test_from_yaml_file_not_found [32mPASSED[0m
tests/config/test_settings.py::TestScriptRAGSettings::test_to_yaml [32mPASSED[0m
tests/config/test_settings.py::TestScriptRAGSettings::test_get_log_file_path [32mPASSED[0m
tests/config/test_settings.py::TestScriptRAGSettings::test_get_database_path [32mPASSED[0m
tests/config/test_settings.py::TestScriptRAGSettings::test_property_accessors [32mPASSED[0m
tests/config/test_settings.py::TestScriptRAGSettings::test_env_file_loading [32mPASSED[0m
tests/config/test_settings.py::TestGlobalSettings::test_get_settings [32mPASSED[0m
tests/config/test_settings.py::TestGlobalSettings::test_load_settings_from_file [32mPASSED[0m
tests/config/test_settings.py::TestGlobalSettings::test_load_settings_without_file [32mPASSED[0m
tests/config/test_settings.py::TestGlobalSettings::test_reset_settings [32mPASSED[0m
tests/config/test_settings.py::TestDefaultConfigTemplate::test_create_default_config [32mPASSED[0m
tests/config/test_settings.py::TestDefaultConfigTemplate::test_create_default_config_with_subdirs [32mPASSED[0m
tests/config/test_settings.py::TestSettingsIntegration::test_complete_configuration_workflow [32mPASSED[0m
tests/config/test_settings.py::TestSettingsIntegration::test_settings_isolation [32mPASSED[0m
tests/config/test_settings.py::TestSettingsIntegration::test_validation_error_messages [32mPASSED[0m
tests/database/test_content_extractor.py::TestContentExtractorEdgeCases::test_dialogue_with_special_formatting {"event": "Migration sequence is valid", "level": "info", "timestamp": "2025-07-31T06:47:12.283270Z"}
{"event": "Applying 5 pending migrations", "level": "info", "timestamp": "2025-07-31T06:47:12.284594Z"}
{"event": "Applying Migration 1: Create initial database schema", "level": "info", "timestamp": "2025-07-31T06:47:12.284789Z"}
{"event": "Applying initial schema migration", "level": "info", "timestamp": "2025-07-31T06:47:12.285228Z"}
{"event": "Initial schema migration completed", "level": "info", "timestamp": "2025-07-31T06:47:12.387692Z"}
{"event": "Successfully applied migration 1", "level": "info", "timestamp": "2025-07-31T06:47:12.389053Z"}
{"event": "Applying Migration 2: Add sqlite-vec vector storage support to embeddings table", "level": "info", "timestamp": "2025-07-31T06:47:12.389323Z"}
{"event": "Vector storage migration applied successfully", "level": "info", "timestamp": "2025-07-31T06:47:12.403361Z"}
{"event": "Successfully applied migration 2", "level": "info", "timestamp": "2025-07-31T06:47:12.404811Z"}
{"event": "Applying Migration 3: Fix FTS table column naming to match base tables", "level": "info", "timestamp": "2025-07-31T06:47:12.405003Z"}
{"event": "Applying FTS column naming fix migration", "level": "info", "timestamp": "2025-07-31T06:47:12.405490Z"}
{"event": "FTS column naming fix migration applied successfully", "level": "info", "timestamp": "2025-07-31T06:47:12.428855Z"}
{"event": "Successfully applied migration 3", "level": "info", "timestamp": "2025-07-31T06:47:12.430376Z"}
{"event": "Applying Migration 4: Add scene dependencies table for logical ordering", "level": "info", "timestamp": "2025-07-31T06:47:12.430575Z"}
{"event": "Applying scene dependencies migration", "level": "info", "timestamp": "2025-07-31T06:47:12.430969Z"}
{"event": "Scene dependencies migration applied successfully", "level": "info", "timestamp": "2025-07-31T06:47:12.442340Z"}
{"event": "Successfully applied migration 4", "level": "info", "timestamp": "2025-07-31T06:47:12.444681Z"}
{"event": "Applying Migration 0: ", "level": "info", "timestamp": "2025-07-31T06:47:12.445343Z"}
{"event": "Applying Script Bible migration", "level": "info", "timestamp": "2025-07-31T06:47:12.445907Z"}
{"event": "Script Bible migration applied successfully", "level": "info", "timestamp": "2025-07-31T06:47:12.544606Z"}
{"event": "Successfully applied migration 5", "level": "info", "timestamp": "2025-07-31T06:47:12.546238Z"}
{"event": "Database migration completed successfully", "level": "info", "timestamp": "2025-07-31T06:47:12.546418Z"}
[32mPASSED[0m
tests/database/test_content_extractor.py::TestContentExtractorEdgeCases::test_action_lines_with_embedded_emphasis {"event": "Migration sequence is valid", "level": "info", "timestamp": "2025-07-31T06:47:12.573473Z"}
{"event": "Applying 5 pending migrations", "level": "info", "timestamp": "2025-07-31T06:47:12.574287Z"}
{"event": "Applying Migration 1: Create initial database schema", "level": "info", "timestamp": "2025-07-31T06:47:12.574442Z"}
{"event": "Applying initial schema migration", "level": "info", "timestamp": "2025-07-31T06:47:12.574700Z"}
{"event": "Initial schema migration completed", "level": "info", "timestamp": "2025-07-31T06:47:12.695407Z"}
{"event": "Successfully applied migration 1", "level": "info", "timestamp": "2025-07-31T06:47:12.697143Z"}
{"event": "Applying Migration 2: Add sqlite-vec vector storage support to embeddings table", "level": "info", "timestamp": "2025-07-31T06:47:12.697416Z"}
{"event": "Vector storage migration applied successfully", "level": "info", "timestamp": "2025-07-31T06:47:12.713477Z"}
{"event": "Successfully applied migration 2", "level": "info", "timestamp": "2025-07-31T06:47:12.715612Z"}
{"event": "Applying Migration 3: Fix FTS table column naming to match base tables", "level": "info", "timestamp": "2025-07-31T06:47:12.715932Z"}
{"event": "Applying FTS column naming fix migration", "level": "info", "timestamp": "2025-07-31T06:47:12.716435Z"}
{"event": "FTS column naming fix migration applied successfully", "level": "info", "timestamp": "2025-07-31T06:47:12.746952Z"}
{"event": "Successfully applied migration 3", "level": "info", "timestamp": "2025-07-31T06:47:12.748621Z"}
{"event": "Applying Migration 4: Add scene dependencies table for logical ordering", "level": "info", "timestamp": "2025-07-31T06:47:12.748863Z"}
{"event": "Applying scene dependencies migration", "level": "info", "timestamp": "2025-07-31T06:47:12.749289Z"}
{"event": "Scene dependencies migration applied successfully", "level": "info", "timestamp": "2025-07-31T06:47:12.760553Z"}
{"event": "Successfully applied migration 4", "level": "info", "timestamp": "2025-07-31T06:47:12.762385Z"}
{"event": "Applying Migration 0: ", "level": "info", "timestamp": "2025-07-31T06:47:12.762625Z"}
{"event": "Applying Script Bible migration", "level": "info", "timestamp": "2025-07-31T06:47:12.763133Z"}
{"event": "Script Bible migration applied successfully", "level": "info", "timestamp": "2025-07-31T06:47:12.856921Z"}
{"event": "Successfully applied migration 5", "level": "info", "timestamp": "2025-07-31T06:47:12.858829Z"}
{"event": "Database migration completed successfully", "level": "info", "timestamp": "2025-07-31T06:47:12.859002Z"}
[32mPASSED[0m
tests/database/test_content_extractor.py::TestContentExtractorEdgeCases::test_character_names_with_extensions {"event": "Migration sequence is valid", "level": "info", "timestamp": "2025-07-31T06:47:12.877087Z"}
{"event": "Applying 5 pending migrations", "level": "info", "timestamp": "2025-07-31T06:47:12.878360Z"}
{"event": "Applying Migration 1: Create initial database schema", "level": "info", "timestamp": "2025-07-31T06:47:12.878509Z"}
{"event": "Applying initial schema migration", "level": "info", "timestamp": "2025-07-31T06:47:12.878870Z"}
{"event": "Initial schema migration completed", "level": "info", "timestamp": "2025-07-31T06:47:12.983795Z"}
{"event": "Successfully applied migration 1", "level": "info", "timestamp": "2025-07-31T06:47:12.985699Z"}
{"event": "Applying Migration 2: Add sqlite-vec vector storage support to embeddings table", "level": "info", "timestamp": "2025-07-31T06:47:12.985943Z"}
{"event": "Vector storage migration applied successfully", "level": "info", "timestamp": "2025-07-31T06:47:13.000416Z"}
{"event": "Successfully applied migration 2", "level": "info", "timestamp": "2025-07-31T06:47:13.002220Z"}
{"event": "Applying Migration 3: Fix FTS table column naming to match base tables", "level": "info", "timestamp": "2025-07-31T06:47:13.002430Z"}
{"event": "Applying FTS column naming fix migration", "level": "info", "timestamp": "2025-07-31T06:47:13.002848Z"}
{"event": "FTS column naming fix migration applied successfully", "level": "info", "timestamp": "2025-07-31T06:47:13.028176Z"}
{"event": "Successfully applied migration 3", "level": "info", "timestamp": "2025-07-31T06:47:13.030080Z"}
{"event": "Applying Migration 4: Add scene dependencies table for logical ordering", "level": "info", "timestamp": "2025-07-31T06:47:13.030306Z"}
{"event": "Applying scene dependencies migration", "level": "info", "timestamp": "2025-07-31T06:47:13.030701Z"}
{"event": "Scene dependencies migration applied successfully", "level": "info", "timestamp": "2025-07-31T06:47:13.039586Z"}
{"event": "Successfully applied migration 4", "level": "info", "timestamp": "2025-07-31T06:47:13.040902Z"}
{"event": "Applying Migration 0: ", "level": "info", "timestamp": "2025-07-31T06:47:13.041056Z"}
{"event": "Applying Script Bible migration", "level": "info", "timestamp": "2025-07-31T06:47:13.041497Z"}
{"event": "Script Bible migration applied successfully", "level": "info", "timestamp": "2025-07-31T06:47:13.149610Z"}
{"event": "Successfully applied migration 5", "level": "info", "timestamp": "2025-07-31T06:47:13.151198Z"}
{"event": "Database migration completed successfully", "level": "info", "timestamp": "2025-07-31T06:47:13.151366Z"}
[32mPASSED[0m
tests/database/test_content_extractor.py::TestContentExtractorEdgeCases::test_dual_dialogue_handling {"event": "Migration sequence is valid", "level": "info", "timestamp": "2025-07-31T06:47:13.172846Z"}
{"event": "Applying 5 pending migrations", "level": "info", "timestamp": "2025-07-31T06:47:13.173693Z"}
{"event": "Applying Migration 1: Create initial database schema", "level": "info", "timestamp": "2025-07-31T06:47:13.173864Z"}
{"event": "Applying initial schema migration", "level": "info", "timestamp": "2025-07-31T06:47:13.174138Z"}
{"event": "Initial schema migration completed", "level": "info", "timestamp": "2025-07-31T06:47:13.271670Z"}
{"event": "Successfully applied migration 1", "level": "info", "timestamp": "2025-07-31T06:47:13.274648Z"}
{"event": "Applying Migration 2: Add sqlite-vec vector storage support to embeddings table", "level": "info", "timestamp": "2025-07-31T06:47:13.274889Z"}
{"event": "Vector storage migration applied successfully", "level": "info", "timestamp": "2025-07-31T06:47:13.288651Z"}
{"event": "Successfully applied migration 2", "level": "info", "timestamp": "2025-07-31T06:47:13.290497Z"}
{"event": "Applying Migration 3: Fix FTS table column naming to match base tables", "level": "info", "timestamp": "2025-07-31T06:47:13.290693Z"}
{"event": "Applying FTS column naming fix migration", "level": "info", "timestamp": "2025-07-31T06:47:13.291203Z"}
{"event": "FTS column naming fix migration applied successfully", "level": "info", "timestamp": "2025-07-31T06:47:13.315635Z"}
{"event": "Successfully applied migration 3", "level": "info", "timestamp": "2025-07-31T06:47:13.317139Z"}
{"event": "Applying Migration 4: Add scene dependencies table for logical ordering", "level": "info", "timestamp": "2025-07-31T06:47:13.317459Z"}
{"event": "Applying scene dependencies migration", "level": "info", "timestamp": "2025-07-31T06:47:13.317954Z"}
{"event": "Scene dependencies migration applied successfully", "level": "info", "timestamp": "2025-07-31T06:47:13.327608Z"}
{"event": "Successfully applied migration 4", "level": "info", "timestamp": "2025-07-31T06:47:13.329077Z"}
{"event": "Applying Migration 0: ", "level": "info", "timestamp": "2025-07-31T06:47:13.329349Z"}
{"event": "Applying Script Bible migration", "level": "info", "timestamp": "2025-07-31T06:47:13.329893Z"}
{"event": "Script Bible migration applied successfully", "level": "info", "timestamp": "2025-07-31T06:47:13.440829Z"}
{"event": "Successfully applied migration 5", "level": "info", "timestamp": "2025-07-31T06:47:13.443027Z"}
{"event": "Database migration completed successfully", "level": "info", "timestamp": "2025-07-31T06:47:13.443240Z"}
[32mPASSED[0m
tests/database/test_content_extractor.py::TestContentExtractorEdgeCases::test_complex_transitions {"event": "Migration sequence is valid", "level": "info", "timestamp": "2025-07-31T06:47:13.464993Z"}
{"event": "Applying 5 pending migrations", "level": "info", "timestamp": "2025-07-31T06:47:13.466191Z"}
{"event": "Applying Migration 1: Create initial database schema", "level": "info", "timestamp": "2025-07-31T06:47:13.466349Z"}
{"event": "Applying initial schema migration", "level": "info", "timestamp": "2025-07-31T06:47:13.466719Z"}
{"event": "Initial schema migration completed", "level": "info", "timestamp": "2025-07-31T06:47:13.572008Z"}
{"event": "Successfully applied migration 1", "level": "info", "timestamp": "2025-07-31T06:47:13.573711Z"}
{"event": "Applying Migration 2: Add sqlite-vec vector storage support to embeddings table", "level": "info", "timestamp": "2025-07-31T06:47:13.573936Z"}
{"event": "Vector storage migration applied successfully", "level": "info", "timestamp": "2025-07-31T06:47:13.587461Z"}
{"event": "Successfully applied migration 2", "level": "info", "timestamp": "2025-07-31T06:47:13.589159Z"}
{"event": "Applying Migration 3: Fix FTS table column naming to match base tables", "level": "info", "timestamp": "2025-07-31T06:47:13.589454Z"}
{"event": "Applying FTS column naming fix migration", "level": "info", "timestamp": "2025-07-31T06:47:13.589922Z"}
{"event": "FTS column naming fix migration applied successfully", "level": "info", "timestamp": "2025-07-31T06:47:13.614236Z"}
{"event": "Successfully applied migration 3", "level": "info", "timestamp": "2025-07-31T06:47:13.615628Z"}
{"event": "Applying Migration 4: Add scene dependencies table for logical ordering", "level": "info", "timestamp": "2025-07-31T06:47:13.615822Z"}
{"event": "Applying scene dependencies migration", "level": "info", "timestamp": "2025-07-31T06:47:13.616197Z"}
{"event": "Scene dependencies migration applied successfully", "level": "info", "timestamp": "2025-07-31T06:47:13.625085Z"}
{"event": "Successfully applied migration 4", "level": "info", "timestamp": "2025-07-31T06:47:13.626668Z"}
{"event": "Applying Migration 0: ", "level": "info", "timestamp": "2025-07-31T06:47:13.626874Z"}
{"event": "Applying Script Bible migration", "level": "info", "timestamp": "2025-07-31T06:47:13.627238Z"}
{"event": "Script Bible migration applied successfully", "level": "info", "timestamp": "2025-07-31T06:47:13.725824Z"}
{"event": "Successfully applied migration 5", "level": "info", "timestamp": "2025-07-31T06:47:13.727677Z"}
{"event": "Database migration completed successfully", "level": "info", "timestamp": "2025-07-31T06:47:13.727931Z"}
[32mPASSED[0m
tests/database/test_content_extractor.py::TestContentExtractorEdgeCases::test_malformed_fountain_syntax {"event": "Migration sequence is valid", "level": "info", "timestamp": "2025-07-31T06:47:13.749277Z"}
{"event": "Applying 5 pending migrations", "level": "info", "timestamp": "2025-07-31T06:47:13.750342Z"}
{"event": "Applying Migration 1: Create initial database schema", "level": "info", "timestamp": "2025-07-31T06:47:13.750484Z"}
{"event": "Applying initial schema migration", "level": "info", "timestamp": "2025-07-31T06:47:13.750901Z"}
{"event": "Initial schema migration completed", "level": "info", "timestamp": "2025-07-31T06:47:13.851631Z"}
{"event": "Successfully applied migration 1", "level": "info", "timestamp": "2025-07-31T06:47:13.852970Z"}
{"event": "Applying Migration 2: Add sqlite-vec vector storage support to embeddings table", "level": "info", "timestamp": "2025-07-31T06:47:13.853147Z"}
{"event": "Vector storage migration applied successfully", "level": "info", "timestamp": "2025-07-31T06:47:13.866551Z"}
{"event": "Successfully applied migration 2", "level": "info", "timestamp": "2025-07-31T06:47:13.867969Z"}
{"event": "Applying Migration 3: Fix FTS table column naming to match base tables", "level": "info", "timestamp": "2025-07-31T06:47:13.868148Z"}
{"event": "Applying FTS column naming fix migration", "level": "info", "timestamp": "2025-07-31T06:47:13.868536Z"}
{"event": "FTS column naming fix migration applied successfully", "level": "info", "timestamp": "2025-07-31T06:47:13.891490Z"}
{"event": "Successfully applied migration 3", "level": "info", "timestamp": "2025-07-31T06:47:13.892834Z"}
{"event": "Applying Migration 4: Add scene dependencies table for logical ordering", "level": "info", "timestamp": "2025-07-31T06:47:13.893016Z"}
{"event": "Applying scene dependencies migration", "level": "info", "timestamp": "2025-07-31T06:47:13.893458Z"}
{"event": "Scene dependencies migration applied successfully", "level": "info", "timestamp": "2025-07-31T06:47:13.902599Z"}
{"event": "Successfully applied migration 4", "level": "info", "timestamp": "2025-07-31T06:47:13.903955Z"}
{"event": "Applying Migration 0: ", "level": "info", "timestamp": "2025-07-31T06:47:13.904128Z"}
{"event": "Applying Script Bible migration", "level": "info", "timestamp": "2025-07-31T06:47:13.904514Z"}
{"event": "Script Bible migration applied successfully", "level": "info", "timestamp": "2025-07-31T06:47:13.994302Z"}
{"event": "Successfully applied migration 5", "level": "info", "timestamp": "2025-07-31T06:47:13.995595Z"}
{"event": "Database migration completed successfully", "level": "info", "timestamp": "2025-07-31T06:47:13.995766Z"}
[32mPASSED[0m
tests/database/test_content_extractor.py::TestContentExtractorEdgeCases::test_scene_without_elements {"event": "Migration sequence is valid", "level": "info", "timestamp": "2025-07-31T06:47:14.022016Z"}
{"event": "Applying 5 pending migrations", "level": "info", "timestamp": "2025-07-31T06:47:14.022843Z"}
{"event": "Applying Migration 1: Create initial database schema", "level": "info", "timestamp": "2025-07-31T06:47:14.022979Z"}
{"event": "Applying initial schema migration", "level": "info", "timestamp": "2025-07-31T06:47:14.023271Z"}
{"event": "Initial schema migration completed", "level": "info", "timestamp": "2025-07-31T06:47:14.128940Z"}
{"event": "Successfully applied migration 1", "level": "info", "timestamp": "2025-07-31T06:47:14.130783Z"}
{"event": "Applying Migration 2: Add sqlite-vec vector storage support to embeddings table", "level": "info", "timestamp": "2025-07-31T06:47:14.130981Z"}
{"event": "Vector storage migration applied successfully", "level": "info", "timestamp": "2025-07-31T06:47:14.146817Z"}
{"event": "Successfully applied migration 2", "level": "info", "timestamp": "2025-07-31T06:47:14.148305Z"}
{"event": "Applying Migration 3: Fix FTS table column naming to match base tables", "level": "info", "timestamp": "2025-07-31T06:47:14.148557Z"}
{"event": "Applying FTS column naming fix migration", "level": "info", "timestamp": "2025-07-31T06:47:14.149019Z"}
{"event": "FTS column naming fix migration applied successfully", "level": "info", "timestamp": "2025-07-31T06:47:14.173074Z"}
{"event": "Successfully applied migration 3", "level": "info", "timestamp": "2025-07-31T06:47:14.174902Z"}
{"event": "Applying Migration 4: Add scene dependencies table for logical ordering", "level": "info", "timestamp": "2025-07-31T06:47:14.175093Z"}
{"event": "Applying scene dependencies migration", "level": "info", "timestamp": "2025-07-31T06:47:14.175637Z"}
{"event": "Scene dependencies migration applied successfully", "level": "info", "timestamp": "2025-07-31T06:47:14.185882Z"}
{"event": "Successfully applied migration 4", "level": "info", "timestamp": "2025-07-31T06:47:14.187264Z"}
{"event": "Applying Migration 0: ", "level": "info", "timestamp": "2025-07-31T06:47:14.187454Z"}
{"event": "Applying Script Bible migration", "level": "info", "timestamp": "2025-07-31T06:47:14.188103Z"}
{"event": "Script Bible migration applied successfully", "level": "info", "timestamp": "2025-07-31T06:47:14.280252Z"}
{"event": "Successfully applied migration 5", "level": "info", "timestamp": "2025-07-31T06:47:14.282283Z"}
{"event": "Database migration completed successfully", "level": "info", "timestamp": "2025-07-31T06:47:14.282460Z"}
[32mPASSED[0m
tests/database/test_content_extractor.py::TestContentExtractorEdgeCases::test_character_with_no_dialogue {"event": "Migration sequence is valid", "level": "info", "timestamp": "2025-07-31T06:47:14.294177Z"}
{"event": "Applying 5 pending migrations", "level": "info", "timestamp": "2025-07-31T06:47:14.295034Z"}
{"event": "Applying Migration 1: Create initial database schema", "level": "info", "timestamp": "2025-07-31T06:47:14.295169Z"}
{"event": "Applying initial schema migration", "level": "info", "timestamp": "2025-07-31T06:47:14.295475Z"}
{"event": "Initial schema migration completed", "level": "info", "timestamp": "2025-07-31T06:47:14.395568Z"}
{"event": "Successfully applied migration 1", "level": "info", "timestamp": "2025-07-31T06:47:14.396854Z"}
{"event": "Applying Migration 2: Add sqlite-vec vector storage support to embeddings table", "level": "info", "timestamp": "2025-07-31T06:47:14.397029Z"}
{"event": "Vector storage migration applied successfully", "level": "info", "timestamp": "2025-07-31T06:47:14.413699Z"}
{"event": "Successfully applied migration 2", "level": "info", "timestamp": "2025-07-31T06:47:14.415554Z"}
{"event": "Applying Migration 3: Fix FTS table column naming to match base tables", "level": "info", "timestamp": "2025-07-31T06:47:14.415782Z"}
{"event": "Applying FTS column naming fix migration", "level": "info", "timestamp": "2025-07-31T06:47:14.416177Z"}
{"event": "FTS column naming fix migration applied successfully", "level": "info", "timestamp": "2025-07-31T06:47:14.445058Z"}
{"event": "Successfully applied migration 3", "level": "info", "timestamp": "2025-07-31T06:47:14.447071Z"}
{"event": "Applying Migration 4: Add scene dependencies table for logical ordering", "level": "info", "timestamp": "2025-07-31T06:47:14.447268Z"}
{"event": "Applying scene dependencies migration", "level": "info", "timestamp": "2025-07-31T06:47:14.447678Z"}
{"event": "Scene dependencies migration applied successfully", "level": "info", "timestamp": "2025-07-31T06:47:14.456880Z"}
{"event": "Successfully applied migration 4", "level": "info", "timestamp": "2025-07-31T06:47:14.458620Z"}
{"event": "Applying Migration 0: ", "level": "info", "timestamp": "2025-07-31T06:47:14.458816Z"}
{"event": "Applying Script Bible migration", "level": "info", "timestamp": "2025-07-31T06:47:14.459198Z"}
{"event": "Script Bible migration applied successfully", "level": "info", "timestamp": "2025-07-31T06:47:14.548260Z"}
{"event": "Successfully applied migration 5", "level": "info", "timestamp": "2025-07-31T06:47:14.550112Z"}
{"event": "Database migration completed successfully", "level": "info", "timestamp": "2025-07-31T06:47:14.550275Z"}
[32mPASSED[0m
tests/database/test_content_extractor.py::TestContentExtractorEdgeCases::test_location_with_mixed_formats {"event": "Migration sequence is valid", "level": "info", "timestamp": "2025-07-31T06:47:14.561925Z"}
{"event": "Applying 5 pending migrations", "level": "info", "timestamp": "2025-07-31T06:47:14.562674Z"}
{"event": "Applying Migration 1: Create initial database schema", "level": "info", "timestamp": "2025-07-31T06:47:14.562842Z"}
{"event": "Applying initial schema migration", "level": "info", "timestamp": "2025-07-31T06:47:14.563133Z"}
{"event": "Initial schema migration completed", "level": "info", "timestamp": "2025-07-31T06:47:14.664047Z"}
{"event": "Successfully applied migration 1", "level": "info", "timestamp": "2025-07-31T06:47:14.665664Z"}
{"event": "Applying Migration 2: Add sqlite-vec vector storage support to embeddings table", "level": "info", "timestamp": "2025-07-31T06:47:14.665874Z"}
{"event": "Vector storage migration applied successfully", "level": "info", "timestamp": "2025-07-31T06:47:14.679105Z"}
{"event": "Successfully applied migration 2", "level": "info", "timestamp": "2025-07-31T06:47:14.680691Z"}
{"event": "Applying Migration 3: Fix FTS table column naming to match base tables", "level": "info", "timestamp": "2025-07-31T06:47:14.680968Z"}
{"event": "Applying FTS column naming fix migration", "level": "info", "timestamp": "2025-07-31T06:47:14.681463Z"}
{"event": "FTS column naming fix migration applied successfully", "level": "info", "timestamp": "2025-07-31T06:47:14.704916Z"}
{"event": "Successfully applied migration 3", "level": "info", "timestamp": "2025-07-31T06:47:14.706773Z"}
{"event": "Applying Migration 4: Add scene dependencies table for logical ordering", "level": "info", "timestamp": "2025-07-31T06:47:14.706977Z"}
{"event": "Applying scene dependencies migration", "level": "info", "timestamp": "2025-07-31T06:47:14.707363Z"}
{"event": "Scene dependencies migration applied successfully", "level": "info", "timestamp": "2025-07-31T06:47:14.716103Z"}
{"event": "Successfully applied migration 4", "level": "info", "timestamp": "2025-07-31T06:47:14.717417Z"}
{"event": "Applying Migration 0: ", "level": "info", "timestamp": "2025-07-31T06:47:14.717599Z"}
{"event": "Applying Script Bible migration", "level": "info", "timestamp": "2025-07-31T06:47:14.718024Z"}
{"event": "Script Bible migration applied successfully", "level": "info", "timestamp": "2025-07-31T06:47:14.803169Z"}
{"event": "Successfully applied migration 5", "level": "info", "timestamp": "2025-07-31T06:47:14.804497Z"}
{"event": "Database migration completed successfully", "level": "info", "timestamp": "2025-07-31T06:47:14.804646Z"}
[32mPASSED[0m
tests/database/test_knowledge_graph_builder.py::test_knowledge_graph_builder_init [32mPASSED[0m
tests/database/test_knowledge_graph_builder.py::test_build_from_script_basic {"event": "Building knowledge graph for script: Test Script", "level": "info", "timestamp": "2025-07-31T06:47:14.852387Z"}
{"event": "Knowledge graph built successfully: 1 nodes, 0 edges", "level": "info", "timestamp": "2025-07-31T06:47:14.852624Z"}
[32mPASSED[0m
tests/database/test_knowledge_graph_builder.py::test_create_character_node [32mPASSED[0m
tests/database/test_knowledge_graph_builder.py::test_create_scene_node [32mPASSED[0m
tests/database/test_knowledge_graph_builder.py::test_process_scene_elements [32mPASSED[0m
tests/database/test_knowledge_graph_builder.py::test_extract_character_interactions [32mPASSED[0m
tests/database/test_knowledge_graph_builder.py::test_enrich_with_llm [32mPASSED[0m
tests/database/test_knowledge_graph_builder.py::test_build_temporal_graph {"event": "Created 2 temporal relationships", "level": "info", "timestamp": "2025-07-31T06:47:14.934702Z"}
[32mPASSED[0m
tests/database/test_knowledge_graph_builder.py::test_build_logical_dependencies {"event": "Created 1 logical dependency relationships", "level": "info", "timestamp": "2025-07-31T06:47:14.947970Z"}
[32mPASSED[0m
tests/database/test_knowledge_graph_builder.py::test_analyze_temporal_order [32mPASSED[0m
tests/database/test_knowledge_graph_builder.py::test_get_or_create_location_node [32mPASSED[0m
tests/database/test_knowledge_graph_builder.py::test_extract_character_mentions [32mPASSED[0m
tests/database/test_knowledge_graph_builder.py::test_build_from_fountain_file [32mPASSED[0m
tests/models/test_base_models.py::TestBaseEntity::test_base_entity_defaults [32mPASSED[0m
tests/models/test_base_models.py::TestBaseEntity::test_base_entity_custom_values [32mPASSED[0m
tests/models/test_base_models.py::TestBaseEntity::test_uuid_serialization [32mPASSED[0m
tests/models/test_base_models.py::TestBaseEntity::test_datetime_serialization [32mPASSED[0m
tests/models/test_base_models.py::TestBaseEntity::test_metadata_mutation [32mPASSED[0m
tests/models/test_base_models.py::TestLocation::test_location_creation [32mPASSED[0m
tests/models/test_base_models.py::TestLocation::test_location_exterior [32mPASSED[0m
tests/models/test_base_models.py::TestLocation::test_location_no_time [32mPASSED[0m
tests/models/test_base_models.py::TestLocation::test_location_name_validation [32mPASSED[0m
tests/models/test_base_models.py::TestLocation::test_location_name_normalization [32mPASSED[0m
tests/models/test_base_models.py::TestLocation::test_location_str_format [32mPASSED[0m
tests/models/test_base_models.py::TestCharacter::test_character_creation [32mPASSED[0m
tests/models/test_base_models.py::TestCharacter::test_character_minimal [32mPASSED[0m
tests/models/test_base_models.py::TestCharacter::test_character_name_validation [32mPASSED[0m
tests/models/test_base_models.py::TestCharacter::test_character_name_normalization [32mPASSED[0m
tests/models/test_base_models.py::TestCharacter::test_character_inherits_base_entity [32mPASSED[0m
tests/models/test_base_models.py::TestSceneElement::test_scene_element_base [32mPASSED[0m
tests/models/test_base_models.py::TestSceneElement::test_action_element [32mPASSED[0m
tests/models/test_base_models.py::TestSceneElement::test_dialogue_element [32mPASSED[0m
tests/models/test_base_models.py::TestSceneElement::test_parenthetical_element [32mPASSED[0m
tests/models/test_base_models.py::TestSceneElement::test_parenthetical_without_dialogue [32mPASSED[0m
tests/models/test_base_models.py::TestSceneElement::test_transition_element [32mPASSED[0m
tests/models/test_base_models.py::TestScene::test_scene_creation [32mPASSED[0m
tests/models/test_base_models.py::TestScene::test_scene_minimal [32mPASSED[0m
tests/models/test_base_models.py::TestScene::test_scene_with_elements [32mPASSED[0m
tests/models/test_base_models.py::TestScene::test_scene_with_characters [32mPASSED[0m
tests/models/test_base_models.py::TestScene::test_scene_time_metadata [32mPASSED[0m
tests/models/test_base_models.py::TestScene::test_scene_with_episode_season [32mPASSED[0m
tests/models/test_base_models.py::TestScript::test_script_creation [32mPASSED[0m
tests/models/test_base_models.py::TestScript::test_script_minimal [32mPASSED[0m
tests/models/test_base_models.py::TestScript::test_script_title_validation [32mPASSED[0m
tests/models/test_base_models.py::TestScript::test_script_title_normalization [32mPASSED[0m
tests/models/test_base_models.py::TestScript::test_script_source_info [32mPASSED[0m
tests/models/test_base_models.py::TestScript::test_script_as_series [32mPASSED[0m
tests/models/test_base_models.py::TestScript::test_script_title_page [32mPASSED[0m
tests/models/test_base_models.py::TestScript::test_script_with_content_refs [32mPASSED[0m
tests/models/test_continuity_models.py::TestSeriesBible::test_series_bible_creation [32mPASSED[0m
tests/models/test_continuity_models.py::TestSeriesBible::test_series_bible_defaults [32mPASSED[0m
tests/models/test_continuity_models.py::TestSeriesBible::test_series_bible_title_validation [32mPASSED[0m
tests/models/test_continuity_models.py::TestSeriesBible::test_series_bible_title_normalization [32mPASSED[0m
tests/models/test_continuity_models.py::TestSeriesBible::test_series_bible_types [32mPASSED[0m
tests/models/test_continuity_models.py::TestSeriesBible::test_series_bible_statuses [32mPASSED[0m
tests/models/test_continuity_models.py::TestCharacterProfile::test_character_profile_creation [32mPASSED[0m
tests/models/test_continuity_models.py::TestCharacterProfile::test_character_profile_minimal [32mPASSED[0m
tests/models/test_continuity_models.py::TestCharacterProfile::test_character_profile_age_validation [32mPASSED[0m
tests/models/test_continuity_models.py::TestCharacterProfile::test_character_profile_complete [32mPASSED[0m
tests/models/test_continuity_models.py::TestWorldElement::test_world_element_creation [32mPASSED[0m
tests/models/test_continuity_models.py::TestWorldElement::test_world_element_types [32mPASSED[0m
tests/models/test_continuity_models.py::TestWorldElement::test_world_element_importance_validation [32mPASSED[0m
tests/models/test_continuity_models.py::TestWorldElement::test_world_element_name_validation [32mPASSED[0m
tests/models/test_continuity_models.py::TestWorldElement::test_world_element_relationships [32mPASSED[0m
tests/models/test_continuity_models.py::TestStoryTimeline::test_story_timeline_creation [32mPASSED[0m
tests/models/test_continuity_models.py::TestStoryTimeline::test_story_timeline_types [32mPASSED[0m
tests/models/test_continuity_models.py::TestStoryTimeline::test_story_timeline_name_validation [32mPASSED[0m
tests/models/test_continuity_models.py::TestTimelineEvent::test_timeline_event_creation [32mPASSED[0m
tests/models/test_continuity_models.py::TestTimelineEvent::test_timeline_event_continuity [32mPASSED[0m
tests/models/test_continuity_models.py::TestTimelineEvent::test_timeline_event_name_validation [32mPASSED[0m
tests/models/test_continuity_models.py::TestContinuityNote::test_continuity_note_creation [32mPASSED[0m
tests/models/test_continuity_models.py::TestContinuityNote::test_continuity_note_validation [32mPASSED[0m
tests/models/test_continuity_models.py::TestContinuityNote::test_continuity_note_resolution [32mPASSED[0m
tests/models/test_continuity_models.py::TestCharacterKnowledge::test_character_knowledge_creation [32mPASSED[0m
tests/models/test_continuity_models.py::TestCharacterKnowledge::test_character_knowledge_validation [32mPASSED[0m
tests/models/test_continuity_models.py::TestCharacterKnowledge::test_character_knowledge_verification [32mPASSED[0m
tests/models/test_continuity_models.py::TestPlotThread::test_plot_thread_creation [32mPASSED[0m
tests/models/test_continuity_models.py::TestPlotThread::test_plot_thread_types [32mPASSED[0m
tests/models/test_continuity_models.py::TestPlotThread::test_plot_thread_priority_validation [32mPASSED[0m
tests/models/test_continuity_models.py::TestPlotThread::test_plot_thread_character_involvement [32mPASSED[0m
tests/models/test_enums.py::TestElementType::test_element_type_values [32mPASSED[0m
tests/models/test_enums.py::TestElementType::test_element_type_count [32mPASSED[0m
tests/models/test_enums.py::TestElementType::test_element_type_string_conversion [32mPASSED[0m
tests/models/test_enums.py::TestSceneOrderType::test_scene_order_type_values [32mPASSED[0m
tests/models/test_enums.py::TestSceneOrderType::test_scene_order_type_count [32mPASSED[0m
tests/models/test_enums.py::TestSceneOrderType::test_scene_order_type_descriptions [32mPASSED[0m
tests/models/test_enums.py::TestSceneDependencyType::test_scene_dependency_type_values [32mPASSED[0m
tests/models/test_enums.py::TestSceneDependencyType::test_scene_dependency_type_count [32mPASSED[0m
tests/models/test_enums.py::TestBibleEnums::test_bible_type_values [32mPASSED[0m
tests/models/test_enums.py::TestBibleEnums::test_bible_status_values [32mPASSED[0m
tests/models/test_enums.py::TestWorldElementType::test_world_element_type_values [32mPASSED[0m
tests/models/test_enums.py::TestWorldElementType::test_world_element_type_count [32mPASSED[0m
tests/models/test_enums.py::TestTimelineEnums::test_timeline_type_values [32mPASSED[0m
tests/models/test_enums.py::TestTimelineEnums::test_event_type_values [32mPASSED[0m
tests/models/test_enums.py::TestNoteEnums::test_note_type_values [32mPASSED[0m
tests/models/test_enums.py::TestNoteEnums::test_note_severity_values [32mPASSED[0m
tests/models/test_enums.py::TestNoteEnums::test_note_status_values [32mPASSED[0m
tests/models/test_enums.py::TestKnowledgeEnums::test_knowledge_type_values [32mPASSED[0m
tests/models/test_enums.py::TestKnowledgeEnums::test_acquisition_method_values [32mPASSED[0m
tests/models/test_enums.py::TestKnowledgeEnums::test_verification_status_values [32mPASSED[0m
tests/models/test_enums.py::TestPlotThreadEnums::test_plot_thread_type_values [32mPASSED[0m
tests/models/test_enums.py::TestPlotThreadEnums::test_plot_thread_status_values [32mPASSED[0m
tests/models/test_enums.py::TestEnumInheritance::test_all_enums_are_string_enums [32mPASSED[0m
tests/models/test_enums.py::TestEnumUsageInModels::test_enum_field_assignment [32mPASSED[0m
tests/models/test_enums.py::TestEnumUsageInModels::test_enum_comparison [32mPASSED[0m
tests/models/test_relationships.py::TestRelationship::test_relationship_creation [32mPASSED[0m
tests/models/test_relationships.py::TestRelationship::test_relationship_with_properties [32mPASSED[0m
tests/models/test_relationships.py::TestRelationship::test_relationship_created_at [32mPASSED[0m
tests/models/test_relationships.py::TestCharacterAppears::test_character_appears_creation [32mPASSED[0m
tests/models/test_relationships.py::TestCharacterAppears::test_character_appears_defaults [32mPASSED[0m
tests/models/test_relationships.py::TestCharacterAppears::test_character_appears_inheritance [32mPASSED[0m
tests/models/test_relationships.py::TestSceneFollows::test_scene_follows_creation [32mPASSED[0m
tests/models/test_relationships.py::TestSceneFollows::test_scene_follows_order_types [32mPASSED[0m
tests/models/test_relationships.py::TestCharacterSpeaksTo::test_character_speaks_to_creation [32mPASSED[0m
tests/models/test_relationships.py::TestCharacterSpeaksTo::test_character_speaks_to_defaults [32mPASSED[0m
tests/models/test_relationships.py::TestSceneAtLocation::test_scene_at_location_creation [32mPASSED[0m
tests/models/test_relationships.py::TestSceneAtLocation::test_scene_at_location_simple [32mPASSED[0m
tests/models/test_relationships.py::TestSceneDependency::test_scene_dependency_creation [32mPASSED[0m
tests/models/test_relationships.py::TestSceneDependency::test_scene_dependency_types [32mPASSED[0m
tests/models/test_relationships.py::TestSceneDependency::test_scene_dependency_defaults [32mPASSED[0m
tests/models/test_relationships.py::TestSceneDependency::test_scene_dependency_strength_validation [32mPASSED[0m
tests/models/test_relationships.py::TestSceneDependency::test_scene_dependency_inherits_base_entity [32mPASSED[0m
tests/models/test_relationships.py::TestRelationshipPatterns::test_bidirectional_relationships [32mPASSED[0m
tests/models/test_relationships.py::TestRelationshipPatterns::test_multiple_relationships_same_entities [32mPASSED[0m
tests/models/test_relationships.py::TestRelationshipPatterns::test_relationship_serialization [32mPASSED[0m
tests/models/test_series_models.py::TestEpisode::test_episode_creation [32mPASSED[0m
tests/models/test_series_models.py::TestEpisode::test_episode_minimal [32mPASSED[0m
tests/models/test_series_models.py::TestEpisode::test_episode_with_air_date [32mPASSED[0m
tests/models/test_series_models.py::TestEpisode::test_episode_number_validation [32mPASSED[0m
tests/models/test_series_models.py::TestEpisode::test_episode_with_content_refs [32mPASSED[0m
tests/models/test_series_models.py::TestEpisode::test_episode_inherits_base_entity [32mPASSED[0m
tests/models/test_series_models.py::TestEpisode::test_episode_serialization [32mPASSED[0m
tests/models/test_series_models.py::TestSeason::test_season_creation [32mPASSED[0m
tests/models/test_series_models.py::TestSeason::test_season_minimal [32mPASSED[0m
tests/models/test_series_models.py::TestSeason::test_season_number_validation [32mPASSED[0m
tests/models/test_series_models.py::TestSeason::test_season_with_episodes [32mPASSED[0m
tests/models/test_series_models.py::TestSeason::test_season_year_bounds [32mPASSED[0m
tests/models/test_series_models.py::TestSeason::test_season_inherits_base_entity [32mPASSED[0m
tests/models/test_series_models.py::TestSeason::test_season_metadata_usage [32mPASSED[0m
tests/models/test_series_models.py::TestSeason::test_season_serialization [32mPASSED[0m
tests/models/test_series_models.py::TestEpisodeSeasonRelationship::test_consistent_script_ids [32mPASSED[0m
tests/models/test_series_models.py::TestEpisodeSeasonRelationship::test_episode_ordering_within_season [32mPASSED[0m
tests/models/test_series_models.py::TestEpisodeSeasonRelationship::test_multi_season_series [32mPASSED[0m
tests/search/test_hybrid_search.py::TestHybridSearchScoreCombination::test_combines_text_and_semantic_scores [32mPASSED[0m
tests/search/test_hybrid_search.py::TestHybridSearchScoreCombination::test_weights_different_search_types [32mPASSED[0m
tests/search/test_hybrid_search.py::TestHybridSearchDeduplication::test_deduplicates_results_from_multiple_sources [32mPASSED[0m
tests/search/test_hybrid_search.py::TestHybridSearchDeduplication::test_preserves_first_occurrence_during_deduplication [32mPASSED[0m
tests/search/test_hybrid_search.py::TestHybridSearchDeduplication::test_ranking_deduplicates_after_sorting [32mPASSED[0m
tests/search/test_hybrid_search.py::TestHybridSearchDeduplication::test_deduplicates_across_different_types_with_same_id [32mPASSED[0m
tests/search/test_hybrid_search.py::TestHybridSearchRanking::test_exact_match_boost [32mPASSED[0m
tests/search/test_hybrid_search.py::TestHybridSearchRanking::test_query_term_density_boost [32mPASSED[0m
tests/search/test_hybrid_search.py::TestHybridSearchRanking::test_metadata_boost [32mPASSED[0m
tests/search/test_hybrid_search.py::TestHybridSearchRanking::test_recency_boost [32mPASSED[0m
tests/search/test_hybrid_search.py::TestHybridSearchEmptyResults::test_handles_empty_results_from_all_sources [32mPASSED[0m
tests/search/test_hybrid_search.py::TestHybridSearchEmptyResults::test_handles_partial_empty_results [32mPASSED[0m
tests/search/test_hybrid_search.py::TestHybridSearchEmptyResults::test_handles_none_results [32mPASSED[0m
tests/search/test_hybrid_search.py::TestHybridSearchContentTypes::test_search_across_scenes_characters_dialogue [32mPASSED[0m
tests/search/test_hybrid_search.py::TestHybridSearchContentTypes::test_filters_apply_across_all_search_types [32mPASSED[0m
tests/search/test_hybrid_search.py::TestHybridSearchIntegration::test_full_hybrid_search_workflow [32mPASSED[0m
tests/search/test_hybrid_search.py::TestHybridSearchIntegration::test_hybrid_search_performance [32mPASSED[0m
tests/search/test_hybrid_search.py::TestHybridSearchEdgeCases::test_search_with_failing_subsearches {"error": "Action search failed", "event": "Search task failed for SearchType.ACTION", "level": "error", "timestamp": "2025-07-31T06:47:15.505703Z"}
{"error": "Semantic search failed", "event": "Search task failed for SearchType.SEMANTIC", "level": "error", "timestamp": "2025-07-31T06:47:15.505912Z"}
{"event": "Some search types failed: SearchType.ACTION, SearchType.SEMANTIC. Results may be incomplete.", "level": "warning", "timestamp": "2025-07-31T06:47:15.505970Z"}
[32mPASSED[0m
tests/search/test_hybrid_search.py::TestHybridSearchEdgeCases::test_merge_results_with_none_query [32mPASSED[0m
tests/search/test_hybrid_search.py::TestHybridSearchEdgeCases::test_group_results_by_type [32mPASSED[0m
tests/search/test_interface.py::TestSearchInterfaceInit::test_init_with_llm_client [32mPASSED[0m
tests/search/test_interface.py::TestSearchInterfaceInit::test_init_without_llm_client [32mPASSED[0m
tests/search/test_interface.py::TestSearchInterfaceSearch::test_empty_query_returns_empty_results [32mPASSED[0m
tests/search/test_interface.py::TestSearchInterfaceSearch::test_search_with_default_types [32mPASSED[0m
tests/search/test_interface.py::TestSearchInterfaceSearch::test_search_with_specific_types [32mPASSED[0m
tests/search/test_interface.py::TestSearchInterfaceSearch::test_search_with_filters [32mPASSED[0m
tests/search/test_interface.py::TestSearchInterfaceSearch::test_search_with_pagination [32mPASSED[0m
tests/search/test_interface.py::TestSearchInterfaceSearch::test_search_with_min_score_filter [32mPASSED[0m
tests/search/test_interface.py::TestSearchInterfaceSearch::test_search_handles_exceptions {"error": "Search failed", "event": "Search task failed for SearchType.DIALOGUE", "level": "error", "timestamp": "2025-07-31T06:47:15.658422Z"}
{"event": "Some search types failed: SearchType.DIALOGUE. Results may be incomplete.", "level": "warning", "timestamp": "2025-07-31T06:47:15.658588Z"}
[32mPASSED[0m
tests/search/test_interface.py::TestSearchInterfaceSpecializedMethods::test_search_dialogue [32mPASSED[0m
tests/search/test_interface.py::TestSearchInterfaceSpecializedMethods::test_search_similar_scenes [32mPASSED[0m
tests/search/test_interface.py::TestSearchInterfaceSpecializedMethods::test_search_similar_scenes_handles_exception {"error": "Pipeline error", "event": "Similar scene search failed", "level": "error", "timestamp": "2025-07-31T06:47:15.701565Z"}
[32mPASSED[0m
tests/search/test_interface.py::TestSearchInterfaceSpecializedMethods::test_search_by_theme [32mPASSED[0m
tests/search/test_interface.py::TestSearchInterfaceSpecializedMethods::test_search_temporal [32mPASSED[0m
tests/search/test_interface.py::TestSearchInterfacePrivateMethods::test_search_dialogue_private [32mPASSED[0m
tests/search/test_interface.py::TestSearchInterfacePrivateMethods::test_search_semantic_private [32mPASSED[0m
tests/search/test_interface.py::TestSearchInterfacePrivateMethods::test_search_temporal_private [32mPASSED[0m
tests/search/test_interface.py::TestSearchInterfaceResourceManagement::test_close_cleanup [32mPASSED[0m
tests/search/test_interface.py::TestSearchInterfaceResourceManagement::test_close_handles_none_pipeline [32mPASSED[0m
tests/search/test_interface.py::TestSearchInterfaceEdgeCases::test_search_with_empty_search_types [32mPASSED[0m
tests/search/test_interface.py::TestSearchInterfaceEdgeCases::test_search_with_none_entity_filter [32mPASSED[0m
tests/search/test_interface.py::TestSearchInterfaceEdgeCases::test_search_with_invalid_limit [32mPASSED[0m
tests/search/test_interface.py::TestSearchInterfaceEdgeCases::test_concurrent_searches {"query": "test0", "entity_type": null, "limit": 10, "event": "Performing semantic search", "level": "info", "timestamp": "2025-07-31T06:47:15.852545Z"}
{"query": "test0", "results_count": 0, "event": "Semantic search completed", "level": "info", "timestamp": "2025-07-31T06:47:15.852894Z"}
{"query": "test1", "entity_type": null, "limit": 10, "event": "Performing semantic search", "level": "info", "timestamp": "2025-07-31T06:47:15.853479Z"}
{"query": "test1", "results_count": 0, "event": "Semantic search completed", "level": "info", "timestamp": "2025-07-31T06:47:15.856703Z"}
{"query": "test2", "entity_type": null, "limit": 10, "event": "Performing semantic search", "level": "info", "timestamp": "2025-07-31T06:47:15.857318Z"}
{"query": "test2", "results_count": 0, "event": "Semantic search completed", "level": "info", "timestamp": "2025-07-31T06:47:15.857507Z"}
{"query": "test3", "entity_type": null, "limit": 10, "event": "Performing semantic search", "level": "info", "timestamp": "2025-07-31T06:47:15.858006Z"}
{"query": "test3", "results_count": 0, "event": "Semantic search completed", "level": "info", "timestamp": "2025-07-31T06:47:15.858172Z"}
{"query": "test4", "entity_type": null, "limit": 10, "event": "Performing semantic search", "level": "info", "timestamp": "2025-07-31T06:47:15.858582Z"}
{"query": "test4", "results_count": 0, "event": "Semantic search completed", "level": "info", "timestamp": "2025-07-31T06:47:15.858800Z"}
[32mPASSED[0m
tests/search/test_interface.py::TestSearchInterfaceIntegration::test_end_to_end_search_workflow [32mPASSED[0m
tests/search/test_interface.py::TestSearchInterfaceIntegration::test_search_performance_with_large_results [32mPASSED[0m
tests/search/test_ranking.py::TestSearchRankerInit::test_init [32mPASSED[0m
tests/search/test_ranking.py::TestSearchRankerRankResults::test_rank_results_empty_list [32mPASSED[0m
tests/search/test_ranking.py::TestSearchRankerRankResults::test_rank_results_basic_sorting [32mPASSED[0m
tests/search/test_ranking.py::TestSearchRankerRankResults::test_rank_results_type_weights_applied [32mPASSED[0m
tests/search/test_ranking.py::TestSearchRankerRankResults::test_rank_results_exact_match_boost [32mPASSED[0m
tests/search/test_ranking.py::TestSearchRankerRankResults::test_rank_results_metadata_boost [32mPASSED[0m
tests/search/test_ranking.py::TestSearchRankerRankResults::test_rank_results_recency_boost [32mPASSED[0m
tests/search/test_ranking.py::TestSearchRankerRankResults::test_rank_results_no_recency_boost [32mPASSED[0m
tests/search/test_ranking.py::TestSearchRankerRankResults::test_rank_results_deduplication [32mPASSED[0m
tests/search/test_ranking.py::TestSearchRankerRankResults::test_rank_results_score_capping [32mPASSED[0m
tests/search/test_ranking.py::TestSearchRankerFilterResults::test_filter_results_min_score [32mPASSED[0m
tests/search/test_ranking.py::TestSearchRankerFilterResults::test_filter_results_max_results [32mPASSED[0m
tests/search/test_ranking.py::TestSearchRankerFilterResults::test_filter_results_no_deduplication [32mPASSED[0m
tests/search/test_ranking.py::TestSearchRankerFilterResults::test_filter_results_with_deduplication [32mPASSED[0m
tests/search/test_ranking.py::TestSearchRankerGroupResults::test_group_results_by_type [32mPASSED[0m
tests/search/test_ranking.py::TestSearchRankerGroupResults::test_group_results_multiple_same_type [32mPASSED[0m
tests/search/test_ranking.py::TestSearchRankerGroupResults::test_group_results_empty [32mPASSED[0m
tests/search/test_ranking.py::TestSearchRankerMergeResults::test_merge_results_basic [32mPASSED[0m
tests/search/test_ranking.py::TestSearchRankerMergeResults::test_merge_results_with_query_rerank [32mPASSED[0m
tests/search/test_ranking.py::TestSearchRankerMergeResults::test_merge_results_multiple_sets [32mPASSED[0m
tests/search/test_ranking.py::TestSearchRankerMergeResults::test_merge_results_with_duplicates [32mPASSED[0m
tests/search/test_ranking.py::TestSearchRankerMergeResults::test_merge_results_empty_sets [32mPASSED[0m
tests/search/test_ranking.py::TestSearchRankerPrivateMethods::test_calculate_composite_score [32mPASSED[0m
tests/search/test_ranking.py::TestSearchRankerPrivateMethods::test_calculate_density_boost [32mPASSED[0m
tests/search/test_ranking.py::TestSearchRankerPrivateMethods::test_calculate_density_boost_empty_inputs [32mPASSED[0m
tests/search/test_ranking.py::TestSearchRankerPrivateMethods::test_has_exact_match [32mPASSED[0m
tests/search/test_ranking.py::TestSearchRankerPrivateMethods::test_has_exact_match_empty_inputs [32mPASSED[0m
tests/search/test_ranking.py::TestSearchRankerPrivateMethods::test_calculate_metadata_boost [32mPASSED[0m
tests/search/test_ranking.py::TestSearchRankerPrivateMethods::test_calculate_metadata_boost_empty_inputs [32mPASSED[0m
tests/search/test_ranking.py::TestSearchRankerPrivateMethods::test_deduplicate_results [32mPASSED[0m
tests/search/test_ranking.py::TestSearchRankerPrivateMethods::test_deduplicate_results_empty [32mPASSED[0m
tests/search/test_ranking.py::TestSearchRankerEdgeCases::test_ranking_with_unknown_type [32mPASSED[0m
tests/search/test_ranking.py::TestSearchRankerEdgeCases::test_ranking_with_negative_base_score [32mPASSED[0m
tests/search/test_ranking.py::TestSearchRankerEdgeCases::test_ranking_with_missing_metadata_fields [32mPASSED[0m
tests/search/test_ranking.py::TestSearchRankerEdgeCases::test_filter_with_extreme_values [32mPASSED[0m
tests/search/test_ranking.py::TestSearchRankerEdgeCases::test_merge_with_no_arguments [32mPASSED[0m
tests/search/test_ranking.py::TestSearchRankerEdgeCases::test_ranking_performance_with_large_dataset [32mPASSED[0m
tests/search/test_text_search.py::TestTextSearchEngineInit::test_init [32mPASSED[0m
tests/search/test_text_search.py::TestTextSearchEngineValidation::test_validate_limit_valid [32mPASSED[0m
tests/search/test_text_search.py::TestTextSearchEngineValidation::test_validate_limit_invalid_zero_negative {"event": "Invalid limit 0, using default 10", "level": "warning", "timestamp": "2025-07-31T06:47:16.031483Z"}
{"event": "Invalid limit -5, using default 10", "level": "warning", "timestamp": "2025-07-31T06:47:16.031644Z"}
[32mPASSED[0m
tests/search/test_text_search.py::TestTextSearchEngineValidation::test_validate_limit_exceeds_max {"event": "Limit 1001 exceeds max 1000, capping", "level": "warning", "timestamp": "2025-07-31T06:47:16.035791Z"}
{"event": "Limit 9999 exceeds max 1000, capping", "level": "warning", "timestamp": "2025-07-31T06:47:16.035942Z"}
[32mPASSED[0m
tests/search/test_text_search.py::TestTextSearchEngineDialogueSearch::test_search_dialogue_basic [32mPASSED[0m
tests/search/test_text_search.py::TestTextSearchEngineDialogueSearch::test_search_dialogue_with_character_filter [32mPASSED[0m
tests/search/test_text_search.py::TestTextSearchEngineDialogueSearch::test_search_dialogue_with_scene_filter [32mPASSED[0m
tests/search/test_text_search.py::TestTextSearchEngineDialogueSearch::test_search_dialogue_empty_query [32mPASSED[0m
tests/search/test_text_search.py::TestTextSearchEngineDialogueSearch::test_search_dialogue_limit_validation {"event": "Invalid limit -1, using default 10", "level": "warning", "timestamp": "2025-07-31T06:47:16.064014Z"}
[32mPASSED[0m
tests/search/test_text_search.py::TestTextSearchEngineActionSearch::test_search_action_basic [32mPASSED[0m
tests/search/test_text_search.py::TestTextSearchEngineActionSearch::test_search_action_with_scene_filter [32mPASSED[0m
tests/search/test_text_search.py::TestTextSearchEngineFullTextSearch::test_search_full_text [32mPASSED[0m
tests/search/test_text_search.py::TestTextSearchEngineFullTextSearch::test_search_full_text_respects_limit [32mPASSED[0m
tests/search/test_text_search.py::TestTextSearchEngineEntitySearch::test_search_entities_characters [32mPASSED[0m
tests/search/test_text_search.py::TestTextSearchEngineEntitySearch::test_search_entities_locations [32mPASSED[0m
tests/search/test_text_search.py::TestTextSearchEngineEntitySearch::test_search_entities_unknown_type {"event": "Unknown entity type: unknown_type", "level": "warning", "timestamp": "2025-07-31T06:47:16.115801Z"}
[32mPASSED[0m
tests/search/test_text_search.py::TestTextSearchEngineEntitySearch::test_search_entities_invalid_table {"event": "Unknown entity type: malicious", "level": "warning", "timestamp": "2025-07-31T06:47:16.121767Z"}
[32mPASSED[0m
tests/search/test_text_search.py::TestTextSearchEngineEntitySearch::test_search_entities_empty_query [32mPASSED[0m
tests/search/test_text_search.py::TestTextSearchEngineSceneSearch::test_search_scenes_basic [32mPASSED[0m
tests/search/test_text_search.py::TestTextSearchEngineSceneSearch::test_search_scenes_with_location_filter [32mPASSED[0m
tests/search/test_text_search.py::TestTextSearchEngineSceneSearch::test_search_scenes_with_character_filter [32mPASSED[0m
tests/search/test_text_search.py::TestTextSearchEngineSceneSearch::test_search_scenes_description_match [32mPASSED[0m
tests/search/test_text_search.py::TestTextSearchEngineScoring::test_calculate_text_score_exact_match [32mPASSED[0m
tests/search/test_text_search.py::TestTextSearchEngineScoring::test_calculate_text_score_whole_word_match [32mPASSED[0m
tests/search/test_text_search.py::TestTextSearchEngineScoring::test_calculate_text_score_substring_match [32mPASSED[0m
tests/search/test_text_search.py::TestTextSearchEngineScoring::test_calculate_text_score_partial_word_match [32mPASSED[0m
tests/search/test_text_search.py::TestTextSearchEngineScoring::test_calculate_text_score_no_match [32mPASSED[0m
tests/search/test_text_search.py::TestTextSearchEngineScoring::test_calculate_text_score_empty_inputs [32mPASSED[0m
tests/search/test_text_search.py::TestTextSearchEngineScoring::test_calculate_text_score_case_insensitive [32mPASSED[0m
tests/search/test_text_search.py::TestTextSearchEngineScoring::test_calculate_text_score_frequency_boost [32mPASSED[0m
tests/search/test_text_search.py::TestTextSearchEngineScoring::test_calculate_text_score_position_boost [32mPASSED[0m
tests/search/test_text_search.py::TestTextSearchEngineHighlighting::test_extract_highlights_basic [32mPASSED[0m
tests/search/test_text_search.py::TestTextSearchEngineHighlighting::test_extract_highlights_context [32mPASSED[0m
tests/search/test_text_search.py::TestTextSearchEngineHighlighting::test_extract_highlights_word_boundaries [32mPASSED[0m
tests/search/test_text_search.py::TestTextSearchEngineHighlighting::test_extract_highlights_multiple_matches [32mPASSED[0m
tests/search/test_text_search.py::TestTextSearchEngineHighlighting::test_extract_highlights_limit [32mPASSED[0m
tests/search/test_text_search.py::TestTextSearchEngineHighlighting::test_extract_highlights_empty_inputs [32mPASSED[0m
tests/search/test_text_search.py::TestTextSearchEngineHighlighting::test_extract_highlights_no_match [32mPASSED[0m
tests/search/test_text_search.py::TestTextSearchEngineHighlighting::test_extract_highlights_ellipsis [32mPASSED[0m
tests/search/test_text_search.py::TestTextSearchEngineEntityAppearances::test_get_entity_appearance_count_character [32mPASSED[0m
tests/search/test_text_search.py::TestTextSearchEngineEntityAppearances::test_get_entity_appearance_count_location [32mPASSED[0m
tests/search/test_text_search.py::TestTextSearchEngineEntityAppearances::test_get_entity_appearance_count_object [32mPASSED[0m
tests/search/test_text_search.py::TestTextSearchEngineEntityAppearances::test_get_entity_appearance_count_unknown_type [32mPASSED[0m
tests/search/test_text_search.py::TestTextSearchEngineEntityAppearances::test_get_entity_appearance_count_no_result [32mPASSED[0m
tests/search/test_text_search.py::TestTextSearchEngineEdgeCases::test_search_with_sql_injection_attempt [32mPASSED[0m
tests/search/test_text_search.py::TestTextSearchEngineEdgeCases::test_search_with_unicode_content [32mPASSED[0m
tests/search/test_text_search.py::TestTextSearchEngineEdgeCases::test_search_with_very_long_query [32mPASSED[0m
tests/search/test_text_search.py::TestTextSearchEngineEdgeCases::test_search_with_special_characters [32mPASSED[0m
tests/search/test_types.py::TestSearchType::test_search_type_values [32mPASSED[0m
tests/search/test_types.py::TestSearchType::test_search_type_is_string_enum [32mPASSED[0m
tests/search/test_types.py::TestSearchType::test_search_type_iteration [32mPASSED[0m
tests/search/test_types.py::TestSearchType::test_search_type_comparison [32mPASSED[0m
tests/search/test_types.py::TestSearchType::test_search_type_in_container [32mPASSED[0m
tests/search/test_types.py::TestSearchType::test_search_type_string_operations [32mPASSED[0m
tests/search/test_types.py::TestSearchResult::test_search_result_creation [32mPASSED[0m
tests/search/test_types.py::TestSearchResult::test_search_result_required_fields [32mPASSED[0m
tests/search/test_types.py::TestSearchResult::test_search_result_metadata_types [32mPASSED[0m
tests/search/test_types.py::TestSearchResult::test_search_result_empty_collections [32mPASSED[0m
tests/search/test_types.py::TestSearchResult::test_search_result_highlights_list [32mPASSED[0m
tests/search/test_types.py::TestSearchResult::test_search_result_score_range [32mPASSED[0m
tests/search/test_types.py::TestSearchResult::test_search_result_modification [32mPASSED[0m
tests/search/test_types.py::TestSearchResult::test_search_result_dict_access [32mPASSED[0m
tests/search/test_types.py::TestSearchResult::test_search_result_copy [32mPASSED[0m
tests/search/test_types.py::TestSearchResults::test_search_results_empty_list [32mPASSED[0m
tests/search/test_types.py::TestSearchResults::test_search_results_with_results [32mPASSED[0m
tests/search/test_types.py::TestSearchResults::test_search_results_list_operations [32mPASSED[0m
tests/search/test_types.py::TestSearchResults::test_search_results_iteration [32mPASSED[0m
tests/search/test_types.py::TestSearchResults::test_search_results_slicing [32mPASSED[0m
tests/search/test_types.py::TestSearchResults::test_search_results_type_consistency [32mPASSED[0m
tests/search/test_types.py::TestSearchTypesIntegration::test_search_type_in_search_result [32mPASSED[0m
tests/search/test_types.py::TestSearchTypesIntegration::test_search_results_filtering_by_type [32mPASSED[0m
tests/search/test_types.py::TestSearchTypesIntegration::test_search_results_grouping_by_type [32mPASSED[0m
tests/search/test_types.py::TestSearchTypesIntegration::test_comprehensive_search_result_creation [32mPASSED[0m
tests/search/test_types.py::TestSearchTypesIntegration::test_edge_case_values [32mPASSED[0m
tests/test_api.py::test_root_endpoint {"event": "Migration sequence is valid", "level": "info", "timestamp": "2025-07-31T06:47:16.312251Z"}
{"event": "Applying 5 pending migrations", "level": "info", "timestamp": "2025-07-31T06:47:16.313154Z"}
{"event": "Applying Migration 1: Create initial database schema", "level": "info", "timestamp": "2025-07-31T06:47:16.313388Z"}
{"event": "Applying initial schema migration", "level": "info", "timestamp": "2025-07-31T06:47:16.313812Z"}
{"event": "Initial schema migration completed", "level": "info", "timestamp": "2025-07-31T06:47:16.408931Z"}
{"event": "Successfully applied migration 1", "level": "info", "timestamp": "2025-07-31T06:47:16.410537Z"}
{"event": "Applying Migration 2: Add sqlite-vec vector storage support to embeddings table", "level": "info", "timestamp": "2025-07-31T06:47:16.410768Z"}
{"event": "Vector storage migration applied successfully", "level": "info", "timestamp": "2025-07-31T06:47:16.424052Z"}
{"event": "Successfully applied migration 2", "level": "info", "timestamp": "2025-07-31T06:47:16.425499Z"}
{"event": "Applying Migration 3: Fix FTS table column naming to match base tables", "level": "info", "timestamp": "2025-07-31T06:47:16.425678Z"}
{"event": "Applying FTS column naming fix migration", "level": "info", "timestamp": "2025-07-31T06:47:16.426065Z"}
{"event": "FTS column naming fix migration applied successfully", "level": "info", "timestamp": "2025-07-31T06:47:16.451941Z"}
{"event": "Successfully applied migration 3", "level": "info", "timestamp": "2025-07-31T06:47:16.454849Z"}
{"event": "Applying Migration 4: Add scene dependencies table for logical ordering", "level": "info", "timestamp": "2025-07-31T06:47:16.455063Z"}
{"event": "Applying scene dependencies migration", "level": "info", "timestamp": "2025-07-31T06:47:16.455995Z"}
{"event": "Scene dependencies migration applied successfully", "level": "info", "timestamp": "2025-07-31T06:47:16.466154Z"}
{"event": "Successfully applied migration 4", "level": "info", "timestamp": "2025-07-31T06:47:16.467890Z"}
{"event": "Applying Migration 0: ", "level": "info", "timestamp": "2025-07-31T06:47:16.468268Z"}
{"event": "Applying Script Bible migration", "level": "info", "timestamp": "2025-07-31T06:47:16.468819Z"}
{"event": "Script Bible migration applied successfully", "level": "info", "timestamp": "2025-07-31T06:47:16.558402Z"}
{"event": "Successfully applied migration 5", "level": "info", "timestamp": "2025-07-31T06:47:16.560266Z"}
{"event": "Database migration completed successfully", "level": "info", "timestamp": "2025-07-31T06:47:16.560435Z"}
{"event": "Starting ScriptRAG API", "level": "info", "timestamp": "2025-07-31T06:47:16.701004Z"}
{"event": "DatabaseOperations uses synchronous SQLite operations in async functions. This blocks the event loop and should be fixed for production use.", "level": "warning", "timestamp": "2025-07-31T06:47:16.701335Z"}
{"event": "Migration sequence is valid", "level": "info", "timestamp": "2025-07-31T06:47:16.701523Z"}
{"event": "Database is already at latest version", "level": "info", "timestamp": "2025-07-31T06:47:16.703986Z"}
{"db_url": "sqlite+aiosqlite:////tmp/tmppv2d1hot.db", "event": "Database operations initialized", "level": "info", "timestamp": "2025-07-31T06:47:16.708959Z"}
[32mPASSED[0m{"event": "Shutting down ScriptRAG API", "level": "info", "timestamp": "2025-07-31T06:47:16.717508Z"}

tests/test_api.py::test_health_endpoint {"event": "Migration sequence is valid", "level": "info", "timestamp": "2025-07-31T06:47:17.057583Z"}
{"event": "Applying 5 pending migrations", "level": "info", "timestamp": "2025-07-31T06:47:17.058432Z"}
{"event": "Applying Migration 1: Create initial database schema", "level": "info", "timestamp": "2025-07-31T06:47:17.058578Z"}
{"event": "Applying initial schema migration", "level": "info", "timestamp": "2025-07-31T06:47:17.058945Z"}
{"event": "Initial schema migration completed", "level": "info", "timestamp": "2025-07-31T06:47:17.152456Z"}
{"event": "Successfully applied migration 1", "level": "info", "timestamp": "2025-07-31T06:47:17.154080Z"}
{"event": "Applying Migration 2: Add sqlite-vec vector storage support to embeddings table", "level": "info", "timestamp": "2025-07-31T06:47:17.154269Z"}
{"event": "Vector storage migration applied successfully", "level": "info", "timestamp": "2025-07-31T06:47:17.166997Z"}
{"event": "Successfully applied migration 2", "level": "info", "timestamp": "2025-07-31T06:47:17.168345Z"}
{"event": "Applying Migration 3: Fix FTS table column naming to match base tables", "level": "info", "timestamp": "2025-07-31T06:47:17.168537Z"}
{"event": "Applying FTS column naming fix migration", "level": "info", "timestamp": "2025-07-31T06:47:17.168955Z"}
{"event": "FTS column naming fix migration applied successfully", "level": "info", "timestamp": "2025-07-31T06:47:17.194439Z"}
{"event": "Successfully applied migration 3", "level": "info", "timestamp": "2025-07-31T06:47:17.195868Z"}
{"event": "Applying Migration 4: Add scene dependencies table for logical ordering", "level": "info", "timestamp": "2025-07-31T06:47:17.196048Z"}
{"event": "Applying scene dependencies migration", "level": "info", "timestamp": "2025-07-31T06:47:17.196421Z"}
{"event": "Scene dependencies migration applied successfully", "level": "info", "timestamp": "2025-07-31T06:47:17.205011Z"}
{"event": "Successfully applied migration 4", "level": "info", "timestamp": "2025-07-31T06:47:17.206530Z"}
{"event": "Applying Migration 0: ", "level": "info", "timestamp": "2025-07-31T06:47:17.206718Z"}
{"event": "Applying Script Bible migration", "level": "info", "timestamp": "2025-07-31T06:47:17.207128Z"}
{"event": "Script Bible migration applied successfully", "level": "info", "timestamp": "2025-07-31T06:47:17.291931Z"}
{"event": "Successfully applied migration 5", "level": "info", "timestamp": "2025-07-31T06:47:17.293453Z"}
{"event": "Database migration completed successfully", "level": "info", "timestamp": "2025-07-31T06:47:17.293601Z"}
{"event": "Starting ScriptRAG API", "level": "info", "timestamp": "2025-07-31T06:47:17.422224Z"}
{"event": "DatabaseOperations uses synchronous SQLite operations in async functions. This blocks the event loop and should be fixed for production use.", "level": "warning", "timestamp": "2025-07-31T06:47:17.422807Z"}
{"event": "Migration sequence is valid", "level": "info", "timestamp": "2025-07-31T06:47:17.423125Z"}
{"event": "Database is already at latest version", "level": "info", "timestamp": "2025-07-31T06:47:17.425540Z"}
{"db_url": "sqlite+aiosqlite:////tmp/tmpmlfoan69.db", "event": "Database operations initialized", "level": "info", "timestamp": "2025-07-31T06:47:17.430721Z"}
[32mPASSED[0m{"event": "Shutting down ScriptRAG API", "level": "info", "timestamp": "2025-07-31T06:47:17.437767Z"}

tests/test_api.py::test_list_scripts_empty {"event": "Migration sequence is valid", "level": "info", "timestamp": "2025-07-31T06:47:17.779458Z"}
{"event": "Applying 5 pending migrations", "level": "info", "timestamp": "2025-07-31T06:47:17.780347Z"}
{"event": "Applying Migration 1: Create initial database schema", "level": "info", "timestamp": "2025-07-31T06:47:17.780498Z"}
{"event": "Applying initial schema migration", "level": "info", "timestamp": "2025-07-31T06:47:17.780874Z"}
{"event": "Initial schema migration completed", "level": "info", "timestamp": "2025-07-31T06:47:17.877396Z"}
{"event": "Successfully applied migration 1", "level": "info", "timestamp": "2025-07-31T06:47:17.879258Z"}
{"event": "Applying Migration 2: Add sqlite-vec vector storage support to embeddings table", "level": "info", "timestamp": "2025-07-31T06:47:17.879672Z"}
{"event": "Vector storage migration applied successfully", "level": "info", "timestamp": "2025-07-31T06:47:17.893478Z"}
{"event": "Successfully applied migration 2", "level": "info", "timestamp": "2025-07-31T06:47:17.895067Z"}
{"event": "Applying Migration 3: Fix FTS table column naming to match base tables", "level": "info", "timestamp": "2025-07-31T06:47:17.895257Z"}
{"event": "Applying FTS column naming fix migration", "level": "info", "timestamp": "2025-07-31T06:47:17.895642Z"}
{"event": "FTS column naming fix migration applied successfully", "level": "info", "timestamp": "2025-07-31T06:47:17.918332Z"}
{"event": "Successfully applied migration 3", "level": "info", "timestamp": "2025-07-31T06:47:17.919545Z"}
{"event": "Applying Migration 4: Add scene dependencies table for logical ordering", "level": "info", "timestamp": "2025-07-31T06:47:17.919730Z"}
{"event": "Applying scene dependencies migration", "level": "info", "timestamp": "2025-07-31T06:47:17.920091Z"}
{"event": "Scene dependencies migration applied successfully", "level": "info", "timestamp": "2025-07-31T06:47:17.930270Z"}
{"event": "Successfully applied migration 4", "level": "info", "timestamp": "2025-07-31T06:47:17.932236Z"}
{"event": "Applying Migration 0: ", "level": "info", "timestamp": "2025-07-31T06:47:17.932691Z"}
{"event": "Applying Script Bible migration", "level": "info", "timestamp": "2025-07-31T06:47:17.933309Z"}
{"event": "Script Bible migration applied successfully", "level": "info", "timestamp": "2025-07-31T06:47:18.025577Z"}
{"event": "Successfully applied migration 5", "level": "info", "timestamp": "2025-07-31T06:47:18.027868Z"}
{"event": "Database migration completed successfully", "level": "info", "timestamp": "2025-07-31T06:47:18.028033Z"}
{"event": "Starting ScriptRAG API", "level": "info", "timestamp": "2025-07-31T06:47:18.133607Z"}
{"event": "DatabaseOperations uses synchronous SQLite operations in async functions. This blocks the event loop and should be fixed for production use.", "level": "warning", "timestamp": "2025-07-31T06:47:18.134129Z"}
{"event": "Migration sequence is valid", "level": "info", "timestamp": "2025-07-31T06:47:18.134458Z"}
{"event": "Database is already at latest version", "level": "info", "timestamp": "2025-07-31T06:47:18.136848Z"}
{"db_url": "sqlite+aiosqlite:////tmp/tmpo7ql3349.db", "event": "Database operations initialized", "level": "info", "timestamp": "2025-07-31T06:47:18.141590Z"}
[32mPASSED[0m{"event": "Shutting down ScriptRAG API", "level": "info", "timestamp": "2025-07-31T06:47:18.149350Z"}

tests/test_api.py::test_script_not_found {"event": "Migration sequence is valid", "level": "info", "timestamp": "2025-07-31T06:47:18.480844Z"}
{"event": "Applying 5 pending migrations", "level": "info", "timestamp": "2025-07-31T06:47:18.481847Z"}
{"event": "Applying Migration 1: Create initial database schema", "level": "info", "timestamp": "2025-07-31T06:47:18.481992Z"}
{"event": "Applying initial schema migration", "level": "info", "timestamp": "2025-07-31T06:47:18.482259Z"}
{"event": "Initial schema migration completed", "level": "info", "timestamp": "2025-07-31T06:47:18.586470Z"}
{"event": "Successfully applied migration 1", "level": "info", "timestamp": "2025-07-31T06:47:18.587989Z"}
{"event": "Applying Migration 2: Add sqlite-vec vector storage support to embeddings table", "level": "info", "timestamp": "2025-07-31T06:47:18.588265Z"}
{"event": "Vector storage migration applied successfully", "level": "info", "timestamp": "2025-07-31T06:47:18.602046Z"}
{"event": "Successfully applied migration 2", "level": "info", "timestamp": "2025-07-31T06:47:18.603720Z"}
{"event": "Applying Migration 3: Fix FTS table column naming to match base tables", "level": "info", "timestamp": "2025-07-31T06:47:18.604011Z"}
{"event": "Applying FTS column naming fix migration", "level": "info", "timestamp": "2025-07-31T06:47:18.604472Z"}
{"event": "FTS column naming fix migration applied successfully", "level": "info", "timestamp": "2025-07-31T06:47:18.631892Z"}
[...]
{"event": "Successfully applied migration 5", "level": "info", "timestamp": "2025-07-31T06:47:57.092878Z"}
{"event": "Database migration completed successfully", "level": "info", "timestamp": "2025-07-31T06:47:57.093088Z"}
{"event": "Starting ScriptRAG API", "level": "info", "timestamp": "2025-07-31T06:47:57.244911Z"}
{"event": "DatabaseOperations uses synchronous SQLite operations in async functions. This blocks the event loop and should be fixed for production use.", "level": "warning", "timestamp": "2025-07-31T06:47:57.245356Z"}
{"event": "Migration sequence is valid", "level": "info", "timestamp": "2025-07-31T06:47:57.245588Z"}
{"event": "Database is already at latest version", "level": "info", "timestamp": "2025-07-31T06:47:57.248265Z"}
{"db_url": "sqlite+aiosqlite:////tmp/tmp35nafs6g.db", "event": "Database operations initialized", "level": "info", "timestamp": "2025-07-31T06:47:57.254414Z"}
{"event": "Created script graph node 35da0d14-f92b-4b40-b41f-089d0ec4545e for 'Dialogue Test'", "level": "info", "timestamp": "2025-07-31T06:47:57.265789Z"}
{"script_id": "cc2d880a-c9b8-48ee-ac0c-d0fae1252b04", "title": "Dialogue Test", "event": "Stored script", "level": "info", "timestamp": "2025-07-31T06:47:57.266030Z"}
[32mPASSED[0m{"event": "Shutting down ScriptRAG API", "level": "info", "timestamp": "2025-07-31T06:47:57.270782Z"}

tests/test_api_validation.py::TestScriptUploadValidation::test_upload_fountain_with_action {"event": "Migration sequence is valid", "level": "info", "timestamp": "2025-07-31T06:47:57.614878Z"}
{"event": "Applying 5 pending migrations", "level": "info", "timestamp": "2025-07-31T06:47:57.615919Z"}
{"event": "Applying Migration 1: Create initial database schema", "level": "info", "timestamp": "2025-07-31T06:47:57.616063Z"}
{"event": "Applying initial schema migration", "level": "info", "timestamp": "2025-07-31T06:47:57.616364Z"}
{"event": "Initial schema migration completed", "level": "info", "timestamp": "2025-07-31T06:47:57.718128Z"}
{"event": "Successfully applied migration 1", "level": "info", "timestamp": "2025-07-31T06:47:57.719619Z"}
{"event": "Applying Migration 2: Add sqlite-vec vector storage support to embeddings table", "level": "info", "timestamp": "2025-07-31T06:47:57.719821Z"}
{"event": "Vector storage migration applied successfully", "level": "info", "timestamp": "2025-07-31T06:47:57.733494Z"}
{"event": "Successfully applied migration 2", "level": "info", "timestamp": "2025-07-31T06:47:57.735142Z"}
{"event": "Applying Migration 3: Fix FTS table column naming to match base tables", "level": "info", "timestamp": "2025-07-31T06:47:57.735353Z"}
{"event": "Applying FTS column naming fix migration", "level": "info", "timestamp": "2025-07-31T06:47:57.735805Z"}
{"event": "FTS column naming fix migration applied successfully", "level": "info", "timestamp": "2025-07-31T06:47:57.760203Z"}
{"event": "Successfully applied migration 3", "level": "info", "timestamp": "2025-07-31T06:47:57.761775Z"}
{"event": "Applying Migration 4: Add scene dependencies table for logical ordering", "level": "info", "timestamp": "2025-07-31T06:47:57.761966Z"}
{"event": "Applying scene dependencies migration", "level": "info", "timestamp": "2025-07-31T06:47:57.762319Z"}
{"event": "Scene dependencies migration applied successfully", "level": "info", "timestamp": "2025-07-31T06:47:57.770910Z"}
{"event": "Successfully applied migration 4", "level": "info", "timestamp": "2025-07-31T06:47:57.772474Z"}
{"event": "Applying Migration 0: ", "level": "info", "timestamp": "2025-07-31T06:47:57.772673Z"}
{"event": "Applying Script Bible migration", "level": "info", "timestamp": "2025-07-31T06:47:57.773122Z"}
{"event": "Script Bible migration applied successfully", "level": "info", "timestamp": "2025-07-31T06:47:57.881150Z"}
{"event": "Successfully applied migration 5", "level": "info", "timestamp": "2025-07-31T06:47:57.883138Z"}
{"event": "Database migration completed successfully", "level": "info", "timestamp": "2025-07-31T06:47:57.883325Z"}
{"event": "Starting ScriptRAG API", "level": "info", "timestamp": "2025-07-31T06:47:57.995028Z"}
{"event": "DatabaseOperations uses synchronous SQLite operations in async functions. This blocks the event loop and should be fixed for production use.", "level": "warning", "timestamp": "2025-07-31T06:47:57.995365Z"}
{"event": "Migration sequence is valid", "level": "info", "timestamp": "2025-07-31T06:47:57.995577Z"}
{"event": "Database is already at latest version", "level": "info", "timestamp": "2025-07-31T06:47:57.997964Z"}
{"db_url": "sqlite+aiosqlite:////tmp/tmplf0jp730.db", "event": "Database operations initialized", "level": "info", "timestamp": "2025-07-31T06:47:58.002437Z"}
{"event": "Created script graph node c1ecf5d1-5fa6-4240-b2d2-f5a528ba716c for 'Action Test'", "level": "info", "timestamp": "2025-07-31T06:47:58.012390Z"}
{"script_id": "fc90a0b4-2fc4-4728-8a8f-7bdf3263a5c2", "title": "Action Test", "event": "Stored script", "level": "info", "timestamp": "2025-07-31T06:47:58.012570Z"}
[32mPASSED[0m{"event": "Shutting down ScriptRAG API", "level": "info", "timestamp": "2025-07-31T06:47:58.016394Z"}

tests/test_api_validation.py::TestScriptFileUploadValidation::test_upload_file_wrong_extension {"event": "Migration sequence is valid", "level": "info", "timestamp": "2025-07-31T06:47:58.359021Z"}
{"event": "Applying 5 pending migrations", "level": "info", "timestamp": "2025-07-31T06:47:58.360326Z"}
{"event": "Applying Migration 1: Create initial database schema", "level": "info", "timestamp": "2025-07-31T06:47:58.360533Z"}
{"event": "Applying initial schema migration", "level": "info", "timestamp": "2025-07-31T06:47:58.361005Z"}
{"event": "Initial schema migration completed", "level": "info", "timestamp": "2025-07-31T06:47:58.480774Z"}
{"event": "Successfully applied migration 1", "level": "info", "timestamp": "2025-07-31T06:47:58.482450Z"}
{"event": "Applying Migration 2: Add sqlite-vec vector storage support to embeddings table", "level": "info", "timestamp": "2025-07-31T06:47:58.482646Z"}
{"event": "Vector storage migration applied successfully", "level": "info", "timestamp": "2025-07-31T06:47:58.496538Z"}
{"event": "Successfully applied migration 2", "level": "info", "timestamp": "2025-07-31T06:47:58.498359Z"}
{"event": "Applying Migration 3: Fix FTS table column naming to match base tables", "level": "info", "timestamp": "2025-07-31T06:47:58.498555Z"}
{"event": "Applying FTS column naming fix migration", "level": "info", "timestamp": "2025-07-31T06:47:58.499024Z"}
{"event": "FTS column naming fix migration applied successfully", "level": "info", "timestamp": "2025-07-31T06:47:58.523677Z"}
{"event": "Successfully applied migration 3", "level": "info", "timestamp": "2025-07-31T06:47:58.525018Z"}
{"event": "Applying Migration 4: Add scene dependencies table for logical ordering", "level": "info", "timestamp": "2025-07-31T06:47:58.525245Z"}
{"event": "Applying scene dependencies migration", "level": "info", "timestamp": "2025-07-31T06:47:58.525664Z"}
{"event": "Scene dependencies migration applied successfully", "level": "info", "timestamp": "2025-07-31T06:47:58.535058Z"}
{"event": "Successfully applied migration 4", "level": "info", "timestamp": "2025-07-31T06:47:58.536360Z"}
{"event": "Applying Migration 0: ", "level": "info", "timestamp": "2025-07-31T06:47:58.536539Z"}
{"event": "Applying Script Bible migration", "level": "info", "timestamp": "2025-07-31T06:47:58.536958Z"}
{"event": "Script Bible migration applied successfully", "level": "info", "timestamp": "2025-07-31T06:47:58.634005Z"}
{"event": "Successfully applied migration 5", "level": "info", "timestamp": "2025-07-31T06:47:58.635934Z"}
{"event": "Database migration completed successfully", "level": "info", "timestamp": "2025-07-31T06:47:58.636098Z"}
{"event": "Starting ScriptRAG API", "level": "info", "timestamp": "2025-07-31T06:47:58.773570Z"}
{"event": "DatabaseOperations uses synchronous SQLite operations in async functions. This blocks the event loop and should be fixed for production use.", "level": "warning", "timestamp": "2025-07-31T06:47:58.774015Z"}
{"event": "Migration sequence is valid", "level": "info", "timestamp": "2025-07-31T06:47:58.774305Z"}
{"event": "Database is already at latest version", "level": "info", "timestamp": "2025-07-31T06:47:58.777815Z"}
{"db_url": "sqlite+aiosqlite:////tmp/tmphk_i_x8v.db", "event": "Database operations initialized", "level": "info", "timestamp": "2025-07-31T06:47:58.784522Z"}
[32mPASSED[0m{"event": "Shutting down ScriptRAG API", "level": "info", "timestamp": "2025-07-31T06:47:58.798112Z"}

tests/test_api_validation.py::TestScriptFileUploadValidation::test_upload_file_valid_fountain {"event": "Migration sequence is valid", "level": "info", "timestamp": "2025-07-31T06:47:59.165010Z"}
{"event": "Applying 5 pending migrations", "level": "info", "timestamp": "2025-07-31T06:47:59.165951Z"}
{"event": "Applying Migration 1: Create initial database schema", "level": "info", "timestamp": "2025-07-31T06:47:59.166090Z"}
{"event": "Applying initial schema migration", "level": "info", "timestamp": "2025-07-31T06:47:59.166382Z"}
{"event": "Initial schema migration completed", "level": "info", "timestamp": "2025-07-31T06:47:59.274574Z"}
{"event": "Successfully applied migration 1", "level": "info", "timestamp": "2025-07-31T06:47:59.276563Z"}
{"event": "Applying Migration 2: Add sqlite-vec vector storage support to embeddings table", "level": "info", "timestamp": "2025-07-31T06:47:59.276898Z"}
{"event": "Vector storage migration applied successfully", "level": "info", "timestamp": "2025-07-31T06:47:59.291763Z"}
{"event": "Successfully applied migration 2", "level": "info", "timestamp": "2025-07-31T06:47:59.293266Z"}
{"event": "Applying Migration 3: Fix FTS table column naming to match base tables", "level": "info", "timestamp": "2025-07-31T06:47:59.293460Z"}
{"event": "Applying FTS column naming fix migration", "level": "info", "timestamp": "2025-07-31T06:47:59.293914Z"}
{"event": "FTS column naming fix migration applied successfully", "level": "info", "timestamp": "2025-07-31T06:47:59.318558Z"}
{"event": "Successfully applied migration 3", "level": "info", "timestamp": "2025-07-31T06:47:59.319793Z"}
{"event": "Applying Migration 4: Add scene dependencies table for logical ordering", "level": "info", "timestamp": "2025-07-31T06:47:59.319968Z"}
{"event": "Applying scene dependencies migration", "level": "info", "timestamp": "2025-07-31T06:47:59.320327Z"}
{"event": "Scene dependencies migration applied successfully", "level": "info", "timestamp": "2025-07-31T06:47:59.330438Z"}
{"event": "Successfully applied migration 4", "level": "info", "timestamp": "2025-07-31T06:47:59.332079Z"}
{"event": "Applying Migration 0: ", "level": "info", "timestamp": "2025-07-31T06:47:59.332272Z"}
{"event": "Applying Script Bible migration", "level": "info", "timestamp": "2025-07-31T06:47:59.332704Z"}
{"event": "Script Bible migration applied successfully", "level": "info", "timestamp": "2025-07-31T06:47:59.426667Z"}
{"event": "Successfully applied migration 5", "level": "info", "timestamp": "2025-07-31T06:47:59.428413Z"}
{"event": "Database migration completed successfully", "level": "info", "timestamp": "2025-07-31T06:47:59.428569Z"}
{"event": "Starting ScriptRAG API", "level": "info", "timestamp": "2025-07-31T06:47:59.540935Z"}
{"event": "DatabaseOperations uses synchronous SQLite operations in async functions. This blocks the event loop and should be fixed for production use.", "level": "warning", "timestamp": "2025-07-31T06:47:59.541376Z"}
{"event": "Migration sequence is valid", "level": "info", "timestamp": "2025-07-31T06:47:59.541569Z"}
{"event": "Database is already at latest version", "level": "info", "timestamp": "2025-07-31T06:47:59.543893Z"}
{"db_url": "sqlite+aiosqlite:////tmp/tmp2xatou3p.db", "event": "Database operations initialized", "level": "info", "timestamp": "2025-07-31T06:47:59.548227Z"}
{"event": "Created script graph node 933310fa-ac2a-4491-b06c-9fbb6a9ebc13 for 'test_script'", "level": "info", "timestamp": "2025-07-31T06:47:59.558508Z"}
{"script_id": "578e706b-38cc-4ae4-b30c-5d9eda205335", "title": "test_script", "event": "Stored script", "level": "info", "timestamp": "2025-07-31T06:47:59.561441Z"}
[32mPASSED[0m{"event": "Shutting down ScriptRAG API", "level": "info", "timestamp": "2025-07-31T06:47:59.565853Z"}

tests/test_api_validation.py::TestSceneValidation::test_create_scene_invalid_heading {"event": "Migration sequence is valid", "level": "info", "timestamp": "2025-07-31T06:47:59.910102Z"}
{"event": "Applying 5 pending migrations", "level": "info", "timestamp": "2025-07-31T06:47:59.911141Z"}
{"event": "Applying Migration 1: Create initial database schema", "level": "info", "timestamp": "2025-07-31T06:47:59.911300Z"}
{"event": "Applying initial schema migration", "level": "info", "timestamp": "2025-07-31T06:47:59.911645Z"}
{"event": "Initial schema migration completed", "level": "info", "timestamp": "2025-07-31T06:48:00.018920Z"}
{"event": "Successfully applied migration 1", "level": "info", "timestamp": "2025-07-31T06:48:00.020487Z"}
{"event": "Applying Migration 2: Add sqlite-vec vector storage support to embeddings table", "level": "info", "timestamp": "2025-07-31T06:48:00.020693Z"}
{"event": "Vector storage migration applied successfully", "level": "info", "timestamp": "2025-07-31T06:48:00.034674Z"}
{"event": "Successfully applied migration 2", "level": "info", "timestamp": "2025-07-31T06:48:00.036200Z"}
{"event": "Applying Migration 3: Fix FTS table column naming to match base tables", "level": "info", "timestamp": "2025-07-31T06:48:00.036396Z"}
{"event": "Applying FTS column naming fix migration", "level": "info", "timestamp": "2025-07-31T06:48:00.036855Z"}
{"event": "FTS column naming fix migration applied successfully", "level": "info", "timestamp": "2025-07-31T06:48:00.061727Z"}
{"event": "Successfully applied migration 3", "level": "info", "timestamp": "2025-07-31T06:48:00.063114Z"}
{"event": "Applying Migration 4: Add scene dependencies table for logical ordering", "level": "info", "timestamp": "2025-07-31T06:48:00.063309Z"}
{"event": "Applying scene dependencies migration", "level": "info", "timestamp": "2025-07-31T06:48:00.063713Z"}
{"event": "Scene dependencies migration applied successfully", "level": "info", "timestamp": "2025-07-31T06:48:00.072660Z"}
{"event": "Successfully applied migration 4", "level": "info", "timestamp": "2025-07-31T06:48:00.074236Z"}
{"event": "Applying Migration 0: ", "level": "info", "timestamp": "2025-07-31T06:48:00.074430Z"}
{"event": "Applying Script Bible migration", "level": "info", "timestamp": "2025-07-31T06:48:00.074857Z"}
{"event": "Script Bible migration applied successfully", "level": "info", "timestamp": "2025-07-31T06:48:00.167234Z"}
{"event": "Successfully applied migration 5", "level": "info", "timestamp": "2025-07-31T06:48:00.168921Z"}
{"event": "Database migration completed successfully", "level": "info", "timestamp": "2025-07-31T06:48:00.169073Z"}
{"event": "Starting ScriptRAG API", "level": "info", "timestamp": "2025-07-31T06:48:00.286491Z"}
{"event": "DatabaseOperations uses synchronous SQLite operations in async functions. This blocks the event loop and should be fixed for production use.", "level": "warning", "timestamp": "2025-07-31T06:48:00.287206Z"}
{"event": "Migration sequence is valid", "level": "info", "timestamp": "2025-07-31T06:48:00.287665Z"}
{"event": "Database is already at latest version", "level": "info", "timestamp": "2025-07-31T06:48:00.291145Z"}
{"db_url": "sqlite+aiosqlite:////tmp/tmpk_921kbt.db", "event": "Database operations initialized", "level": "info", "timestamp": "2025-07-31T06:48:00.298123Z"}
{"event": "Created script graph node e89b0d55-51fe-41e9-8fb1-7653bf848cc2 for 'Test Script'", "level": "info", "timestamp": "2025-07-31T06:48:00.308366Z"}
{"script_id": "ca94248a-34d9-42cf-bf70-2697ec514f19", "title": "Test Script", "event": "Stored script", "level": "info", "timestamp": "2025-07-31T06:48:00.311631Z"}
[32mPASSED[0m{"event": "Shutting down ScriptRAG API", "level": "info", "timestamp": "2025-07-31T06:48:00.321869Z"}

tests/test_api_validation.py::TestSceneValidation::test_create_scene_negative_number {"event": "Migration sequence is valid", "level": "info", "timestamp": "2025-07-31T06:48:00.662947Z"}
{"event": "Applying 5 pending migrations", "level": "info", "timestamp": "2025-07-31T06:48:00.663904Z"}
{"event": "Applying Migration 1: Create initial database schema", "level": "info", "timestamp": "2025-07-31T06:48:00.664049Z"}
{"event": "Applying initial schema migration", "level": "info", "timestamp": "2025-07-31T06:48:00.664351Z"}
{"event": "Initial schema migration completed", "level": "info", "timestamp": "2025-07-31T06:48:00.791138Z"}
{"event": "Successfully applied migration 1", "level": "info", "timestamp": "2025-07-31T06:48:00.792934Z"}
{"event": "Applying Migration 2: Add sqlite-vec vector storage support to embeddings table", "level": "info", "timestamp": "2025-07-31T06:48:00.793275Z"}
{"event": "Vector storage migration applied successfully", "level": "info", "timestamp": "2025-07-31T06:48:00.813527Z"}
{"event": "Successfully applied migration 2", "level": "info", "timestamp": "2025-07-31T06:48:00.815843Z"}
{"event": "Applying Migration 3: Fix FTS table column naming to match base tables", "level": "info", "timestamp": "2025-07-31T06:48:00.816140Z"}
{"event": "Applying FTS column naming fix migration", "level": "info", "timestamp": "2025-07-31T06:48:00.816805Z"}
{"event": "FTS column naming fix migration applied successfully", "level": "info", "timestamp": "2025-07-31T06:48:00.853226Z"}
{"event": "Successfully applied migration 3", "level": "info", "timestamp": "2025-07-31T06:48:00.855228Z"}
{"event": "Applying Migration 4: Add scene dependencies table for logical ordering", "level": "info", "timestamp": "2025-07-31T06:48:00.855596Z"}
{"event": "Applying scene dependencies migration", "level": "info", "timestamp": "2025-07-31T06:48:00.856284Z"}
{"event": "Scene dependencies migration applied successfully", "level": "info", "timestamp": "2025-07-31T06:48:00.867167Z"}
{"event": "Successfully applied migration 4", "level": "info", "timestamp": "2025-07-31T06:48:00.868676Z"}
{"event": "Applying Migration 0: ", "level": "info", "timestamp": "2025-07-31T06:48:00.868951Z"}
{"event": "Applying Script Bible migration", "level": "info", "timestamp": "2025-07-31T06:48:00.869557Z"}
{"event": "Script Bible migration applied successfully", "level": "info", "timestamp": "2025-07-31T06:48:00.992051Z"}
{"event": "Successfully applied migration 5", "level": "info", "timestamp": "2025-07-31T06:48:00.994806Z"}
{"event": "Database migration completed successfully", "level": "info", "timestamp": "2025-07-31T06:48:00.994975Z"}
{"event": "Starting ScriptRAG API", "level": "info", "timestamp": "2025-07-31T06:48:01.115934Z"}
{"event": "DatabaseOperations uses synchronous SQLite operations in async functions. This blocks the event loop and should be fixed for production use.", "level": "warning", "timestamp": "2025-07-31T06:48:01.116167Z"}
{"event": "Migration sequence is valid", "level": "info", "timestamp": "2025-07-31T06:48:01.116344Z"}
{"event": "Database is already at latest version", "level": "info", "timestamp": "2025-07-31T06:48:01.118774Z"}
{"db_url": "sqlite+aiosqlite:////tmp/tmp0a8gu12v.db", "event": "Database operations initialized", "level": "info", "timestamp": "2025-07-31T06:48:01.123264Z"}
{"event": "Created script graph node f5e5b03d-164a-452a-8ee5-42a546d92d39 for 'Test Script'", "level": "info", "timestamp": "2025-07-31T06:48:01.132166Z"}
{"script_id": "3d7898e4-ba5e-47b9-86c7-c6cfddd9ddb7", "title": "Test Script", "event": "Stored script", "level": "info", "timestamp": "2025-07-31T06:48:01.135052Z"}
[32mPASSED[0m{"event": "Shutting down ScriptRAG API", "level": "info", "timestamp": "2025-07-31T06:48:01.146500Z"}
